{"/Users/guilhermemenezes/Projetos/CiadoArLaudos/app/_layout.tsx": {"path":"/Users/guilhermemenezes/Projetos/CiadoArLaudos/app/_layout.tsx","statementMap":{"0":{"start":{"line":6,"column":2},"end":{"line":35,"column":4}}},"fnMap":{"0":{"name":"RootLayout","decl":{"start":{"line":5,"column":24},"end":{"line":5,"column":34}},"loc":{"start":{"line":5,"column":37},"end":{"line":36,"column":1}},"line":5}},"branchMap":{},"s":{"0":0},"f":{"0":0},"b":{}}
,"/Users/guilhermemenezes/Projetos/CiadoArLaudos/app/(tabs)/_layout.tsx": {"path":"/Users/guilhermemenezes/Projetos/CiadoArLaudos/app/(tabs)/_layout.tsx","statementMap":{"0":{"start":{"line":6,"column":2},"end":{"line":71,"column":4}},"1":{"start":{"line":44,"column":12},"end":{"line":44,"column":67}},"2":{"start":{"line":47,"column":12},"end":{"line":56,"column":19}},"3":{"start":{"line":66,"column":12},"end":{"line":66,"column":72}}},"fnMap":{"0":{"name":"TabLayout","decl":{"start":{"line":5,"column":24},"end":{"line":5,"column":33}},"loc":{"start":{"line":5,"column":36},"end":{"line":72,"column":1}},"line":5},"1":{"name":"(anonymous_1)","decl":{"start":{"line":43,"column":22},"end":{"line":43,"column":23}},"loc":{"start":{"line":44,"column":12},"end":{"line":44,"column":67}},"line":44},"2":{"name":"(anonymous_2)","decl":{"start":{"line":46,"column":23},"end":{"line":46,"column":24}},"loc":{"start":{"line":47,"column":12},"end":{"line":56,"column":19}},"line":47},"3":{"name":"(anonymous_3)","decl":{"start":{"line":65,"column":22},"end":{"line":65,"column":23}},"loc":{"start":{"line":66,"column":12},"end":{"line":66,"column":72}},"line":66}},"branchMap":{"0":{"loc":{"start":{"line":14,"column":21},"end":{"line":14,"column":56}},"type":"cond-expr","locations":[{"start":{"line":14,"column":49},"end":{"line":14,"column":51}},{"start":{"line":14,"column":54},"end":{"line":14,"column":56}}],"line":14},"1":{"loc":{"start":{"line":15,"column":25},"end":{"line":15,"column":59}},"type":"cond-expr","locations":[{"start":{"line":15,"column":53},"end":{"line":15,"column":55}},{"start":{"line":15,"column":58},"end":{"line":15,"column":59}}],"line":15}},"s":{"0":0,"1":0,"2":0,"3":0},"f":{"0":0,"1":0,"2":0,"3":0},"b":{"0":[0,0],"1":[0,0]}}
,"/Users/guilhermemenezes/Projetos/CiadoArLaudos/app/(tabs)/index.tsx": {"path":"/Users/guilhermemenezes/Projetos/CiadoArLaudos/app/(tabs)/index.tsx","statementMap":{"0":{"start":{"line":20,"column":17},"end":{"line":20,"column":36}},"1":{"start":{"line":21,"column":30},"end":{"line":21,"column":60}},"2":{"start":{"line":22,"column":32},"end":{"line":22,"column":46}},"3":{"start":{"line":23,"column":38},"end":{"line":23,"column":50}},"4":{"start":{"line":25,"column":21},"end":{"line":35,"column":8}},"5":{"start":{"line":26,"column":4},"end":{"line":34,"column":5}},"6":{"start":{"line":27,"column":6},"end":{"line":27,"column":23}},"7":{"start":{"line":28,"column":19},"end":{"line":28,"column":36}},"8":{"start":{"line":29,"column":6},"end":{"line":29,"column":22}},"9":{"start":{"line":31,"column":6},"end":{"line":31,"column":51}},"10":{"start":{"line":33,"column":6},"end":{"line":33,"column":24}},"11":{"start":{"line":38,"column":2},"end":{"line":42,"column":4}},"12":{"start":{"line":40,"column":6},"end":{"line":40,"column":19}},"13":{"start":{"line":44,"column":27},"end":{"line":46,"column":8}},"14":{"start":{"line":45,"column":4},"end":{"line":45,"column":38}},"15":{"start":{"line":49,"column":42},"end":{"line":62,"column":26}},"16":{"start":{"line":50,"column":17},"end":{"line":50,"column":48}},"17":{"start":{"line":51,"column":4},"end":{"line":51,"column":81}},"18":{"start":{"line":51,"column":27},"end":{"line":51,"column":81}},"19":{"start":{"line":52,"column":4},"end":{"line":61,"column":6}},"20":{"start":{"line":55,"column":10},"end":{"line":58,"column":52}},"21":{"start":{"line":64,"column":2},"end":{"line":70,"column":3}},"22":{"start":{"line":65,"column":4},"end":{"line":69,"column":6}},"23":{"start":{"line":72,"column":2},"end":{"line":95,"column":3}},"24":{"start":{"line":73,"column":4},"end":{"line":94,"column":6}},"25":{"start":{"line":85,"column":12},"end":{"line":85,"column":29}},"26":{"start":{"line":86,"column":12},"end":{"line":86,"column":35}},"27":{"start":{"line":87,"column":12},"end":{"line":87,"column":31}},"28":{"start":{"line":97,"column":2},"end":{"line":148,"column":4}},"29":{"start":{"line":114,"column":27},"end":{"line":114,"column":44}},"30":{"start":{"line":122,"column":34},"end":{"line":122,"column":41}},"31":{"start":{"line":124,"column":12},"end":{"line":124,"column":77}},"32":{"start":{"line":124,"column":51},"end":{"line":124,"column":73}},"33":{"start":{"line":142,"column":23},"end":{"line":142,"column":50}},"34":{"start":{"line":151,"column":15},"end":{"line":259,"column":2}}},"fnMap":{"0":{"name":"LaudosScreen","decl":{"start":{"line":19,"column":24},"end":{"line":19,"column":36}},"loc":{"start":{"line":19,"column":39},"end":{"line":149,"column":1}},"line":19},"1":{"name":"(anonymous_1)","decl":{"start":{"line":25,"column":33},"end":{"line":25,"column":34}},"loc":{"start":{"line":25,"column":45},"end":{"line":35,"column":3}},"line":25},"2":{"name":"(anonymous_2)","decl":{"start":{"line":39,"column":16},"end":{"line":39,"column":17}},"loc":{"start":{"line":39,"column":22},"end":{"line":41,"column":5}},"line":39},"3":{"name":"(anonymous_3)","decl":{"start":{"line":44,"column":39},"end":{"line":44,"column":40}},"loc":{"start":{"line":44,"column":66},"end":{"line":46,"column":3}},"line":44},"4":{"name":"(anonymous_4)","decl":{"start":{"line":49,"column":50},"end":{"line":49,"column":51}},"loc":{"start":{"line":49,"column":56},"end":{"line":62,"column":3}},"line":49},"5":{"name":"(anonymous_5)","decl":{"start":{"line":54,"column":8},"end":{"line":54,"column":9}},"loc":{"start":{"line":55,"column":10},"end":{"line":58,"column":52}},"line":55},"6":{"name":"(anonymous_6)","decl":{"start":{"line":84,"column":19},"end":{"line":84,"column":20}},"loc":{"start":{"line":84,"column":31},"end":{"line":88,"column":11}},"line":84},"7":{"name":"(anonymous_7)","decl":{"start":{"line":114,"column":21},"end":{"line":114,"column":22}},"loc":{"start":{"line":114,"column":27},"end":{"line":114,"column":44}},"line":114},"8":{"name":"(anonymous_8)","decl":{"start":{"line":122,"column":24},"end":{"line":122,"column":25}},"loc":{"start":{"line":122,"column":34},"end":{"line":122,"column":41}},"line":122},"9":{"name":"(anonymous_9)","decl":{"start":{"line":123,"column":22},"end":{"line":123,"column":23}},"loc":{"start":{"line":124,"column":12},"end":{"line":124,"column":77}},"line":124},"10":{"name":"(anonymous_10)","decl":{"start":{"line":124,"column":45},"end":{"line":124,"column":46}},"loc":{"start":{"line":124,"column":51},"end":{"line":124,"column":73}},"line":124},"11":{"name":"(anonymous_11)","decl":{"start":{"line":142,"column":17},"end":{"line":142,"column":18}},"loc":{"start":{"line":142,"column":23},"end":{"line":142,"column":50}},"line":142}},"branchMap":{"0":{"loc":{"start":{"line":51,"column":4},"end":{"line":51,"column":81}},"type":"if","locations":[{"start":{"line":51,"column":4},"end":{"line":51,"column":81}},{"start":{},"end":{}}],"line":51},"1":{"loc":{"start":{"line":55,"column":10},"end":{"line":58,"column":52}},"type":"binary-expr","locations":[{"start":{"line":55,"column":10},"end":{"line":55,"column":57}},{"start":{"line":56,"column":10},"end":{"line":56,"column":52}},{"start":{"line":57,"column":10},"end":{"line":57,"column":54}},{"start":{"line":58,"column":10},"end":{"line":58,"column":52}}],"line":55},"2":{"loc":{"start":{"line":64,"column":2},"end":{"line":70,"column":3}},"type":"if","locations":[{"start":{"line":64,"column":2},"end":{"line":70,"column":3}},{"start":{},"end":{}}],"line":64},"3":{"loc":{"start":{"line":72,"column":2},"end":{"line":95,"column":3}},"type":"if","locations":[{"start":{"line":72,"column":2},"end":{"line":95,"column":3}},{"start":{},"end":{}}],"line":72},"4":{"loc":{"start":{"line":105,"column":7},"end":{"line":137,"column":7}},"type":"cond-expr","locations":[{"start":{"line":106,"column":8},"end":{"line":118,"column":15}},{"start":{"line":120,"column":8},"end":{"line":136,"column":10}}],"line":105}},"s":{"0":4,"1":4,"2":4,"3":4,"4":4,"5":2,"6":2,"7":2,"8":2,"9":0,"10":2,"11":4,"12":2,"13":4,"14":0,"15":4,"16":4,"17":4,"18":4,"19":0,"20":0,"21":4,"22":2,"23":2,"24":1,"25":0,"26":0,"27":0,"28":1,"29":0,"30":2,"31":1,"32":0,"33":0,"34":1},"f":{"0":4,"1":2,"2":2,"3":0,"4":4,"5":0,"6":0,"7":0,"8":2,"9":1,"10":0,"11":0},"b":{"0":[4,0],"1":[0,0,0,0],"2":[2,2],"3":[1,1],"4":[0,1]},"_coverageSchema":"1a1c01bbd47fc00a2c39e90264f33305004495a9","hash":"abd0e796331a038e00be782abbabef893a485344"}
,"/Users/guilhermemenezes/Projetos/CiadoArLaudos/app/(tabs)/novo.tsx": {"path":"/Users/guilhermemenezes/Projetos/CiadoArLaudos/app/(tabs)/novo.tsx","statementMap":{"0":{"start":{"line":17,"column":36},"end":{"line":17,"column":51}},"1":{"start":{"line":18,"column":17},"end":{"line":18,"column":36}},"2":{"start":{"line":21,"column":24},"end":{"line":24,"column":9}},"3":{"start":{"line":21,"column":39},"end":{"line":24,"column":3}},"4":{"start":{"line":26,"column":23},"end":{"line":59,"column":3}},"5":{"start":{"line":27,"column":4},"end":{"line":58,"column":5}},"6":{"start":{"line":28,"column":6},"end":{"line":28,"column":25}},"7":{"start":{"line":30,"column":18},"end":{"line":30,"column":42}},"8":{"start":{"line":31,"column":36},"end":{"line":36,"column":7}},"9":{"start":{"line":38,"column":6},"end":{"line":38,"column":29}},"10":{"start":{"line":40,"column":6},"end":{"line":53,"column":8}},"11":{"start":{"line":46,"column":27},"end":{"line":46,"column":63}},"12":{"start":{"line":50,"column":27},"end":{"line":50,"column":57}},"13":{"start":{"line":55,"column":6},"end":{"line":55,"column":74}},"14":{"start":{"line":57,"column":6},"end":{"line":57,"column":26}},"15":{"start":{"line":61,"column":2},"end":{"line":79,"column":4}},"16":{"start":{"line":82,"column":15},"end":{"line":94,"column":2}}},"fnMap":{"0":{"name":"NovoLaudoScreen","decl":{"start":{"line":16,"column":24},"end":{"line":16,"column":39}},"loc":{"start":{"line":16,"column":42},"end":{"line":80,"column":1}},"line":16},"1":{"name":"(anonymous_1)","decl":{"start":{"line":21,"column":32},"end":{"line":21,"column":33}},"loc":{"start":{"line":21,"column":39},"end":{"line":24,"column":3}},"line":21},"2":{"name":"(anonymous_2)","decl":{"start":{"line":26,"column":23},"end":{"line":26,"column":24}},"loc":{"start":{"line":26,"column":54},"end":{"line":59,"column":3}},"line":26},"3":{"name":"(anonymous_3)","decl":{"start":{"line":46,"column":21},"end":{"line":46,"column":22}},"loc":{"start":{"line":46,"column":27},"end":{"line":46,"column":63}},"line":46},"4":{"name":"(anonymous_4)","decl":{"start":{"line":50,"column":21},"end":{"line":50,"column":22}},"loc":{"start":{"line":50,"column":27},"end":{"line":50,"column":57}},"line":50}},"branchMap":{"0":{"loc":{"start":{"line":55,"column":26},"end":{"line":55,"column":72}},"type":"binary-expr","locations":[{"start":{"line":55,"column":26},"end":{"line":55,"column":35}},{"start":{"line":55,"column":39},"end":{"line":55,"column":72}}],"line":55},"1":{"loc":{"start":{"line":64,"column":16},"end":{"line":64,"column":61}},"type":"cond-expr","locations":[{"start":{"line":64,"column":40},"end":{"line":64,"column":49}},{"start":{"line":64,"column":52},"end":{"line":64,"column":61}}],"line":64}},"s":{"0":1,"1":1,"2":1,"3":1,"4":1,"5":0,"6":0,"7":0,"8":0,"9":0,"10":0,"11":0,"12":0,"13":0,"14":0,"15":1,"16":1},"f":{"0":1,"1":1,"2":0,"3":0,"4":0},"b":{"0":[0,0],"1":[1,0]},"_coverageSchema":"1a1c01bbd47fc00a2c39e90264f33305004495a9","hash":"66087ade236609f6606852ec54ae13a7255cfa67"}
,"/Users/guilhermemenezes/Projetos/CiadoArLaudos/app/laudo/[id].tsx": {"path":"/Users/guilhermemenezes/Projetos/CiadoArLaudos/app/laudo/[id].tsx","statementMap":{"0":{"start":{"line":23,"column":2},"end":{"line":23,"column":23}},"1":{"start":{"line":23,"column":12},"end":{"line":23,"column":23}},"2":{"start":{"line":24,"column":16},"end":{"line":24,"column":30}},"3":{"start":{"line":25,"column":2},"end":{"line":25,"column":74}},"4":{"start":{"line":28,"column":23},"end":{"line":28,"column":74}},"5":{"start":{"line":31,"column":17},"end":{"line":31,"column":55}},"6":{"start":{"line":32,"column":17},"end":{"line":32,"column":36}},"7":{"start":{"line":33,"column":28},"end":{"line":33,"column":65}},"8":{"start":{"line":34,"column":32},"end":{"line":34,"column":46}},"9":{"start":{"line":35,"column":44},"end":{"line":35,"column":59}},"10":{"start":{"line":36,"column":42},"end":{"line":36,"column":57}},"11":{"start":{"line":38,"column":2},"end":{"line":40,"column":11}},"12":{"start":{"line":39,"column":4},"end":{"line":39,"column":16}},"13":{"start":{"line":42,"column":20},"end":{"line":52,"column":10}},"14":{"start":{"line":43,"column":4},"end":{"line":51,"column":5}},"15":{"start":{"line":44,"column":6},"end":{"line":44,"column":23}},"16":{"start":{"line":45,"column":19},"end":{"line":45,"column":41}},"17":{"start":{"line":46,"column":6},"end":{"line":46,"column":21}},"18":{"start":{"line":48,"column":6},"end":{"line":48,"column":50}},"19":{"start":{"line":50,"column":6},"end":{"line":50,"column":24}},"20":{"start":{"line":54,"column":28},"end":{"line":69,"column":3}},"21":{"start":{"line":55,"column":4},"end":{"line":55,"column":23}},"22":{"start":{"line":55,"column":16},"end":{"line":55,"column":23}},"23":{"start":{"line":56,"column":4},"end":{"line":68,"column":5}},"24":{"start":{"line":57,"column":6},"end":{"line":57,"column":29}},"25":{"start":{"line":58,"column":21},"end":{"line":58,"column":52}},"26":{"start":{"line":59,"column":6},"end":{"line":59,"column":60}},"27":{"start":{"line":59,"column":25},"end":{"line":59,"column":58}},"28":{"start":{"line":60,"column":6},"end":{"line":63,"column":9}},"29":{"start":{"line":61,"column":47},"end":{"line":61,"column":60}},"30":{"start":{"line":65,"column":6},"end":{"line":65,"column":71}},"31":{"start":{"line":67,"column":6},"end":{"line":67,"column":30}},"32":{"start":{"line":71,"column":22},"end":{"line":81,"column":3}},"33":{"start":{"line":72,"column":4},"end":{"line":72,"column":23}},"34":{"start":{"line":72,"column":16},"end":{"line":72,"column":23}},"35":{"start":{"line":73,"column":4},"end":{"line":80,"column":5}},"36":{"start":{"line":74,"column":6},"end":{"line":74,"column":29}},"37":{"start":{"line":75,"column":6},"end":{"line":75,"column":36}},"38":{"start":{"line":77,"column":6},"end":{"line":77,"column":80}},"39":{"start":{"line":79,"column":6},"end":{"line":79,"column":30}},"40":{"start":{"line":83,"column":23},"end":{"line":104,"column":3}},"41":{"start":{"line":84,"column":4},"end":{"line":103,"column":6}},"42":{"start":{"line":93,"column":12},"end":{"line":93,"column":31}},"43":{"start":{"line":93,"column":24},"end":{"line":93,"column":31}},"44":{"start":{"line":94,"column":12},"end":{"line":94,"column":40}},"45":{"start":{"line":95,"column":12},"end":{"line":99,"column":13}},"46":{"start":{"line":96,"column":14},"end":{"line":96,"column":28}},"47":{"start":{"line":98,"column":14},"end":{"line":98,"column":40}},"48":{"start":{"line":106,"column":2},"end":{"line":112,"column":3}},"49":{"start":{"line":107,"column":4},"end":{"line":111,"column":6}},"50":{"start":{"line":114,"column":2},"end":{"line":120,"column":3}},"51":{"start":{"line":115,"column":4},"end":{"line":119,"column":6}},"52":{"start":{"line":122,"column":22},"end":{"line":122,"column":62}},"53":{"start":{"line":123,"column":22},"end":{"line":123,"column":68}},"54":{"start":{"line":124,"column":22},"end":{"line":128,"column":20}},"55":{"start":{"line":130,"column":2},"end":{"line":280,"column":4}},"56":{"start":{"line":136,"column":12},"end":{"line":144,"column":31}},"57":{"start":{"line":137,"column":14},"end":{"line":141,"column":15}},"58":{"start":{"line":138,"column":16},"end":{"line":138,"column":30}},"59":{"start":{"line":140,"column":16},"end":{"line":140,"column":42}},"60":{"start":{"line":147,"column":12},"end":{"line":160,"column":19}},"61":{"start":{"line":149,"column":31},"end":{"line":149,"column":71}},"62":{"start":{"line":243,"column":27},"end":{"line":243,"column":48}},"63":{"start":{"line":276,"column":23},"end":{"line":276,"column":45}},"64":{"start":{"line":286,"column":2},"end":{"line":291,"column":4}},"65":{"start":{"line":295,"column":16},"end":{"line":295,"column":84}},"66":{"start":{"line":296,"column":2},"end":{"line":301,"column":4}},"67":{"start":{"line":304,"column":15},"end":{"line":329,"column":2}}},"fnMap":{"0":{"name":"formatDate","decl":{"start":{"line":22,"column":9},"end":{"line":22,"column":19}},"loc":{"start":{"line":22,"column":41},"end":{"line":26,"column":1}},"line":22},"1":{"name":"LaudoDetailScreen","decl":{"start":{"line":30,"column":24},"end":{"line":30,"column":41}},"loc":{"start":{"line":30,"column":44},"end":{"line":281,"column":1}},"line":30},"2":{"name":"(anonymous_2)","decl":{"start":{"line":38,"column":12},"end":{"line":38,"column":13}},"loc":{"start":{"line":38,"column":18},"end":{"line":40,"column":3}},"line":38},"3":{"name":"(anonymous_3)","decl":{"start":{"line":42,"column":32},"end":{"line":42,"column":33}},"loc":{"start":{"line":42,"column":44},"end":{"line":52,"column":3}},"line":42},"4":{"name":"(anonymous_4)","decl":{"start":{"line":54,"column":28},"end":{"line":54,"column":29}},"loc":{"start":{"line":54,"column":40},"end":{"line":69,"column":3}},"line":54},"5":{"name":"(anonymous_5)","decl":{"start":{"line":59,"column":15},"end":{"line":59,"column":16}},"loc":{"start":{"line":59,"column":25},"end":{"line":59,"column":58}},"line":59},"6":{"name":"(anonymous_6)","decl":{"start":{"line":61,"column":41},"end":{"line":61,"column":42}},"loc":{"start":{"line":61,"column":47},"end":{"line":61,"column":60}},"line":61},"7":{"name":"(anonymous_7)","decl":{"start":{"line":71,"column":22},"end":{"line":71,"column":23}},"loc":{"start":{"line":71,"column":34},"end":{"line":81,"column":3}},"line":71},"8":{"name":"(anonymous_8)","decl":{"start":{"line":83,"column":23},"end":{"line":83,"column":24}},"loc":{"start":{"line":83,"column":29},"end":{"line":104,"column":3}},"line":83},"9":{"name":"(anonymous_9)","decl":{"start":{"line":92,"column":19},"end":{"line":92,"column":20}},"loc":{"start":{"line":92,"column":31},"end":{"line":100,"column":11}},"line":92},"10":{"name":"(anonymous_10)","decl":{"start":{"line":135,"column":22},"end":{"line":135,"column":23}},"loc":{"start":{"line":136,"column":12},"end":{"line":144,"column":31}},"line":136},"11":{"name":"(anonymous_11)","decl":{"start":{"line":136,"column":39},"end":{"line":136,"column":40}},"loc":{"start":{"line":136,"column":45},"end":{"line":142,"column":13}},"line":136},"12":{"name":"(anonymous_12)","decl":{"start":{"line":146,"column":23},"end":{"line":146,"column":24}},"loc":{"start":{"line":147,"column":12},"end":{"line":160,"column":19}},"line":147},"13":{"name":"(anonymous_13)","decl":{"start":{"line":149,"column":25},"end":{"line":149,"column":26}},"loc":{"start":{"line":149,"column":31},"end":{"line":149,"column":71}},"line":149},"14":{"name":"(anonymous_14)","decl":{"start":{"line":243,"column":21},"end":{"line":243,"column":22}},"loc":{"start":{"line":243,"column":27},"end":{"line":243,"column":48}},"line":243},"15":{"name":"(anonymous_15)","decl":{"start":{"line":276,"column":17},"end":{"line":276,"column":18}},"loc":{"start":{"line":276,"column":23},"end":{"line":276,"column":45}},"line":276},"16":{"name":"InfoCard","decl":{"start":{"line":285,"column":9},"end":{"line":285,"column":17}},"loc":{"start":{"line":285,"column":85},"end":{"line":292,"column":1}},"line":285},"17":{"name":"InfoRow","decl":{"start":{"line":294,"column":9},"end":{"line":294,"column":16}},"loc":{"start":{"line":294,"column":69},"end":{"line":302,"column":1}},"line":294}},"branchMap":{"0":{"loc":{"start":{"line":23,"column":2},"end":{"line":23,"column":23}},"type":"if","locations":[{"start":{"line":23,"column":2},"end":{"line":23,"column":23}},{"start":{},"end":{}}],"line":23},"1":{"loc":{"start":{"line":25,"column":9},"end":{"line":25,"column":73}},"type":"cond-expr","locations":[{"start":{"line":25,"column":30},"end":{"line":25,"column":67}},{"start":{"line":25,"column":70},"end":{"line":25,"column":73}}],"line":25},"2":{"loc":{"start":{"line":55,"column":4},"end":{"line":55,"column":23}},"type":"if","locations":[{"start":{"line":55,"column":4},"end":{"line":55,"column":23}},{"start":{},"end":{}}],"line":55},"3":{"loc":{"start":{"line":59,"column":25},"end":{"line":59,"column":58}},"type":"cond-expr","locations":[{"start":{"line":59,"column":32},"end":{"line":59,"column":51}},{"start":{"line":59,"column":54},"end":{"line":59,"column":58}}],"line":59},"4":{"loc":{"start":{"line":65,"column":26},"end":{"line":65,"column":69}},"type":"binary-expr","locations":[{"start":{"line":65,"column":26},"end":{"line":65,"column":35}},{"start":{"line":65,"column":39},"end":{"line":65,"column":69}}],"line":65},"5":{"loc":{"start":{"line":72,"column":4},"end":{"line":72,"column":23}},"type":"if","locations":[{"start":{"line":72,"column":4},"end":{"line":72,"column":23}},{"start":{},"end":{}}],"line":72},"6":{"loc":{"start":{"line":77,"column":26},"end":{"line":77,"column":78}},"type":"binary-expr","locations":[{"start":{"line":77,"column":26},"end":{"line":77,"column":35}},{"start":{"line":77,"column":39},"end":{"line":77,"column":78}}],"line":77},"7":{"loc":{"start":{"line":93,"column":12},"end":{"line":93,"column":31}},"type":"if","locations":[{"start":{"line":93,"column":12},"end":{"line":93,"column":31}},{"start":{},"end":{}}],"line":93},"8":{"loc":{"start":{"line":95,"column":12},"end":{"line":99,"column":13}},"type":"if","locations":[{"start":{"line":95,"column":12},"end":{"line":99,"column":13}},{"start":{"line":97,"column":19},"end":{"line":99,"column":13}}],"line":95},"9":{"loc":{"start":{"line":106,"column":2},"end":{"line":112,"column":3}},"type":"if","locations":[{"start":{"line":106,"column":2},"end":{"line":112,"column":3}},{"start":{},"end":{}}],"line":106},"10":{"loc":{"start":{"line":114,"column":2},"end":{"line":120,"column":3}},"type":"if","locations":[{"start":{"line":114,"column":2},"end":{"line":120,"column":3}},{"start":{},"end":{}}],"line":114},"11":{"loc":{"start":{"line":124,"column":22},"end":{"line":128,"column":20}},"type":"cond-expr","locations":[{"start":{"line":125,"column":6},"end":{"line":125,"column":24}},{"start":{"line":126,"column":6},"end":{"line":128,"column":20}}],"line":124},"12":{"loc":{"start":{"line":126,"column":6},"end":{"line":128,"column":20}},"type":"cond-expr","locations":[{"start":{"line":127,"column":6},"end":{"line":127,"column":20}},{"start":{"line":128,"column":6},"end":{"line":128,"column":20}}],"line":126},"13":{"loc":{"start":{"line":137,"column":14},"end":{"line":141,"column":15}},"type":"if","locations":[{"start":{"line":137,"column":14},"end":{"line":141,"column":15}},{"start":{"line":139,"column":21},"end":{"line":141,"column":15}}],"line":137},"14":{"loc":{"start":{"line":180,"column":9},"end":{"line":182,"column":9}},"type":"binary-expr","locations":[{"start":{"line":180,"column":9},"end":{"line":180,"column":22}},{"start":{"line":181,"column":10},"end":{"line":181,"column":90}}],"line":180},"15":{"loc":{"start":{"line":187,"column":41},"end":{"line":187,"column":125}},"type":"binary-expr","locations":[{"start":{"line":187,"column":41},"end":{"line":187,"column":53}},{"start":{"line":187,"column":58},"end":{"line":187,"column":124}}],"line":187},"16":{"loc":{"start":{"line":187,"column":58},"end":{"line":187,"column":124}},"type":"cond-expr","locations":[{"start":{"line":187,"column":79},"end":{"line":187,"column":118}},{"start":{"line":187,"column":121},"end":{"line":187,"column":124}}],"line":187},"17":{"loc":{"start":{"line":188,"column":46},"end":{"line":188,"column":166}},"type":"binary-expr","locations":[{"start":{"line":188,"column":46},"end":{"line":188,"column":58}},{"start":{"line":188,"column":63},"end":{"line":188,"column":165}}],"line":188},"18":{"loc":{"start":{"line":188,"column":63},"end":{"line":188,"column":165}},"type":"cond-expr","locations":[{"start":{"line":188,"column":120},"end":{"line":188,"column":159}},{"start":{"line":188,"column":162},"end":{"line":188,"column":165}}],"line":188},"19":{"loc":{"start":{"line":188,"column":63},"end":{"line":188,"column":117}},"type":"binary-expr","locations":[{"start":{"line":188,"column":63},"end":{"line":188,"column":81}},{"start":{"line":188,"column":85},"end":{"line":188,"column":117}}],"line":188},"20":{"loc":{"start":{"line":225,"column":11},"end":{"line":230,"column":18}},"type":"cond-expr","locations":[{"start":{"line":226,"column":12},"end":{"line":229,"column":19}},{"start":{"line":230,"column":14},"end":{"line":230,"column":18}}],"line":225},"21":{"loc":{"start":{"line":256,"column":13},"end":{"line":260,"column":13}},"type":"cond-expr","locations":[{"start":{"line":257,"column":14},"end":{"line":257,"column":61}},{"start":{"line":259,"column":14},"end":{"line":259,"column":77}}],"line":256},"22":{"loc":{"start":{"line":265,"column":9},"end":{"line":269,"column":9}},"type":"binary-expr","locations":[{"start":{"line":265,"column":9},"end":{"line":265,"column":21}},{"start":{"line":266,"column":10},"end":{"line":268,"column":17}}],"line":265},"23":{"loc":{"start":{"line":295,"column":16},"end":{"line":295,"column":84}},"type":"binary-expr","locations":[{"start":{"line":295,"column":16},"end":{"line":295,"column":34}},{"start":{"line":295,"column":38},"end":{"line":295,"column":59}},{"start":{"line":295,"column":63},"end":{"line":295,"column":84}}],"line":295},"24":{"loc":{"start":{"line":299,"column":38},"end":{"line":299,"column":86}},"type":"binary-expr","locations":[{"start":{"line":299,"column":38},"end":{"line":299,"column":43}},{"start":{"line":299,"column":47},"end":{"line":299,"column":86}}],"line":299}},"s":{"0":1,"1":0,"2":1,"3":1,"4":1,"5":4,"6":4,"7":4,"8":4,"9":4,"10":4,"11":4,"12":2,"13":4,"14":2,"15":2,"16":2,"17":2,"18":0,"19":2,"20":4,"21":0,"22":0,"23":0,"24":0,"25":0,"26":0,"27":0,"28":0,"29":0,"30":0,"31":0,"32":4,"33":0,"34":0,"35":0,"36":0,"37":0,"38":0,"39":0,"40":4,"41":0,"42":0,"43":0,"44":0,"45":0,"46":0,"47":0,"48":4,"49":2,"50":2,"51":1,"52":1,"53":1,"54":1,"55":1,"56":0,"57":0,"58":0,"59":0,"60":0,"61":0,"62":0,"63":0,"64":5,"65":28,"66":28,"67":1},"f":{"0":1,"1":4,"2":2,"3":2,"4":0,"5":0,"6":0,"7":0,"8":0,"9":0,"10":0,"11":0,"12":0,"13":0,"14":0,"15":0,"16":5,"17":28},"b":{"0":[0,1],"1":[1,0],"2":[0,0],"3":[0,0],"4":[0,0],"5":[0,0],"6":[0,0],"7":[0,0],"8":[0,0],"9":[2,2],"10":[1,1],"11":[1,0],"12":[0,0],"13":[0,0],"14":[1,0],"15":[1,0],"16":[0,0],"17":[1,0],"18":[0,0],"19":[0,0],"20":[1,0],"21":[0,1],"22":[1,0],"23":[28,28,28],"24":[28,0]},"_coverageSchema":"1a1c01bbd47fc00a2c39e90264f33305004495a9","hash":"84740c0a5819d9aefce5ab09a3f5e2586bf0855b"}
,"/Users/guilhermemenezes/Projetos/CiadoArLaudos/app/laudo/[id]/editar.tsx": {"path":"/Users/guilhermemenezes/Projetos/CiadoArLaudos/app/laudo/[id]/editar.tsx","statementMap":{"0":{"start":{"line":19,"column":17},"end":{"line":19,"column":55}},"1":{"start":{"line":20,"column":17},"end":{"line":20,"column":36}},"2":{"start":{"line":21,"column":28},"end":{"line":21,"column":65}},"3":{"start":{"line":22,"column":32},"end":{"line":22,"column":46}},"4":{"start":{"line":23,"column":30},"end":{"line":23,"column":45}},"5":{"start":{"line":25,"column":20},"end":{"line":41,"column":10}},"6":{"start":{"line":26,"column":4},"end":{"line":40,"column":5}},"7":{"start":{"line":27,"column":6},"end":{"line":27,"column":23}},"8":{"start":{"line":28,"column":19},"end":{"line":28,"column":41}},"9":{"start":{"line":29,"column":6},"end":{"line":29,"column":21}},"10":{"start":{"line":31,"column":6},"end":{"line":31,"column":62}},"11":{"start":{"line":32,"column":6},"end":{"line":32,"column":64}},"12":{"start":{"line":33,"column":6},"end":{"line":37,"column":7}},"13":{"start":{"line":34,"column":8},"end":{"line":34,"column":22}},"14":{"start":{"line":36,"column":8},"end":{"line":36,"column":34}},"15":{"start":{"line":39,"column":6},"end":{"line":39,"column":24}},"16":{"start":{"line":43,"column":2},"end":{"line":45,"column":18}},"17":{"start":{"line":44,"column":4},"end":{"line":44,"column":16}},"18":{"start":{"line":47,"column":23},"end":{"line":79,"column":3}},"19":{"start":{"line":48,"column":4},"end":{"line":48,"column":23}},"20":{"start":{"line":48,"column":16},"end":{"line":48,"column":23}},"21":{"start":{"line":49,"column":4},"end":{"line":78,"column":5}},"22":{"start":{"line":50,"column":6},"end":{"line":50,"column":22}},"23":{"start":{"line":52,"column":46},"end":{"line":59,"column":7}},"24":{"start":{"line":61,"column":6},"end":{"line":61,"column":39}},"25":{"start":{"line":63,"column":6},"end":{"line":73,"column":8}},"26":{"start":{"line":67,"column":10},"end":{"line":71,"column":11}},"27":{"start":{"line":68,"column":12},"end":{"line":68,"column":26}},"28":{"start":{"line":70,"column":12},"end":{"line":70,"column":38}},"29":{"start":{"line":75,"column":6},"end":{"line":75,"column":81}},"30":{"start":{"line":77,"column":6},"end":{"line":77,"column":23}},"31":{"start":{"line":81,"column":2},"end":{"line":87,"column":3}},"32":{"start":{"line":82,"column":4},"end":{"line":86,"column":6}},"33":{"start":{"line":89,"column":2},"end":{"line":95,"column":3}},"34":{"start":{"line":90,"column":4},"end":{"line":94,"column":6}},"35":{"start":{"line":97,"column":2},"end":{"line":119,"column":4}},"36":{"start":{"line":122,"column":15},"end":{"line":144,"column":2}}},"fnMap":{"0":{"name":"EditarLaudoScreen","decl":{"start":{"line":18,"column":24},"end":{"line":18,"column":41}},"loc":{"start":{"line":18,"column":44},"end":{"line":120,"column":1}},"line":18},"1":{"name":"(anonymous_1)","decl":{"start":{"line":25,"column":32},"end":{"line":25,"column":33}},"loc":{"start":{"line":25,"column":44},"end":{"line":41,"column":3}},"line":25},"2":{"name":"(anonymous_2)","decl":{"start":{"line":43,"column":12},"end":{"line":43,"column":13}},"loc":{"start":{"line":43,"column":18},"end":{"line":45,"column":3}},"line":43},"3":{"name":"(anonymous_3)","decl":{"start":{"line":47,"column":23},"end":{"line":47,"column":24}},"loc":{"start":{"line":47,"column":54},"end":{"line":79,"column":3}},"line":47},"4":{"name":"(anonymous_4)","decl":{"start":{"line":66,"column":32},"end":{"line":66,"column":33}},"loc":{"start":{"line":66,"column":38},"end":{"line":72,"column":9}},"line":66}},"branchMap":{"0":{"loc":{"start":{"line":33,"column":6},"end":{"line":37,"column":7}},"type":"if","locations":[{"start":{"line":33,"column":6},"end":{"line":37,"column":7}},{"start":{"line":35,"column":13},"end":{"line":37,"column":7}}],"line":33},"1":{"loc":{"start":{"line":48,"column":4},"end":{"line":48,"column":23}},"type":"if","locations":[{"start":{"line":48,"column":4},"end":{"line":48,"column":23}},{"start":{},"end":{}}],"line":48},"2":{"loc":{"start":{"line":67,"column":10},"end":{"line":71,"column":11}},"type":"if","locations":[{"start":{"line":67,"column":10},"end":{"line":71,"column":11}},{"start":{"line":69,"column":17},"end":{"line":71,"column":11}}],"line":67},"3":{"loc":{"start":{"line":75,"column":26},"end":{"line":75,"column":79}},"type":"binary-expr","locations":[{"start":{"line":75,"column":26},"end":{"line":75,"column":35}},{"start":{"line":75,"column":39},"end":{"line":75,"column":79}}],"line":75},"4":{"loc":{"start":{"line":81,"column":2},"end":{"line":87,"column":3}},"type":"if","locations":[{"start":{"line":81,"column":2},"end":{"line":87,"column":3}},{"start":{},"end":{}}],"line":81},"5":{"loc":{"start":{"line":89,"column":2},"end":{"line":95,"column":3}},"type":"if","locations":[{"start":{"line":89,"column":2},"end":{"line":95,"column":3}},{"start":{},"end":{}}],"line":89},"6":{"loc":{"start":{"line":102,"column":18},"end":{"line":102,"column":63}},"type":"cond-expr","locations":[{"start":{"line":102,"column":42},"end":{"line":102,"column":51}},{"start":{"line":102,"column":54},"end":{"line":102,"column":63}}],"line":102}},"s":{"0":2,"1":2,"2":2,"3":2,"4":2,"5":2,"6":1,"7":1,"8":1,"9":1,"10":0,"11":0,"12":0,"13":0,"14":0,"15":1,"16":2,"17":1,"18":2,"19":0,"20":0,"21":0,"22":0,"23":0,"24":0,"25":0,"26":0,"27":0,"28":0,"29":0,"30":0,"31":2,"32":1,"33":1,"34":0,"35":1,"36":1},"f":{"0":2,"1":1,"2":1,"3":0,"4":0},"b":{"0":[0,0],"1":[0,0],"2":[0,0],"3":[0,0],"4":[1,1],"5":[0,1],"6":[1,0]},"_coverageSchema":"1a1c01bbd47fc00a2c39e90264f33305004495a9","hash":"4306fbdfb02d3c1f75dcfee751cfe8d2df8e9eb1"}
,"/Users/guilhermemenezes/Projetos/CiadoArLaudos/src/components/FilterChips.tsx": {"path":"/Users/guilhermemenezes/Projetos/CiadoArLaudos/src/components/FilterChips.tsx","statementMap":{"0":{"start":{"line":12,"column":63},"end":{"line":19,"column":1}},"1":{"start":{"line":27,"column":22},"end":{"line":30,"column":3}},"2":{"start":{"line":29,"column":4},"end":{"line":29,"column":54}},"3":{"start":{"line":32,"column":2},"end":{"line":64,"column":4}},"4":{"start":{"line":40,"column":22},"end":{"line":40,"column":47}},"5":{"start":{"line":41,"column":25},"end":{"line":41,"column":45}},"6":{"start":{"line":43,"column":8},"end":{"line":61,"column":10}},"7":{"start":{"line":46,"column":27},"end":{"line":46,"column":43}},"8":{"start":{"line":67,"column":15},"end":{"line":99,"column":2}}},"fnMap":{"0":{"name":"FilterChips","decl":{"start":{"line":26,"column":16},"end":{"line":26,"column":27}},"loc":{"start":{"line":26,"column":80},"end":{"line":65,"column":1}},"line":26},"1":{"name":"(anonymous_1)","decl":{"start":{"line":27,"column":22},"end":{"line":27,"column":23}},"loc":{"start":{"line":27,"column":45},"end":{"line":30,"column":3}},"line":27},"2":{"name":"(anonymous_2)","decl":{"start":{"line":39,"column":26},"end":{"line":39,"column":27}},"loc":{"start":{"line":39,"column":46},"end":{"line":62,"column":7}},"line":39},"3":{"name":"(anonymous_3)","decl":{"start":{"line":46,"column":21},"end":{"line":46,"column":22}},"loc":{"start":{"line":46,"column":27},"end":{"line":46,"column":43}},"line":46}},"branchMap":{"0":{"loc":{"start":{"line":29,"column":19},"end":{"line":29,"column":52}},"type":"cond-expr","locations":[{"start":{"line":29,"column":42},"end":{"line":29,"column":46}},{"start":{"line":29,"column":49},"end":{"line":29,"column":52}}],"line":29},"1":{"loc":{"start":{"line":50,"column":14},"end":{"line":53,"column":15}},"type":"binary-expr","locations":[{"start":{"line":50,"column":14},"end":{"line":50,"column":22}},{"start":{"line":50,"column":26},"end":{"line":53,"column":15}}],"line":50},"2":{"loc":{"start":{"line":57,"column":40},"end":{"line":57,"column":80}},"type":"binary-expr","locations":[{"start":{"line":57,"column":40},"end":{"line":57,"column":48}},{"start":{"line":57,"column":52},"end":{"line":57,"column":80}}],"line":57}},"s":{"0":1,"1":3,"2":2,"3":3,"4":18,"5":18,"6":18,"7":2,"8":1},"f":{"0":3,"1":2,"2":18,"3":2},"b":{"0":[1,1],"1":[18,1],"2":[18,1]},"_coverageSchema":"1a1c01bbd47fc00a2c39e90264f33305004495a9","hash":"d359c6b18ed10f647c55aed4dce4b5a3727435ac"}
,"/Users/guilhermemenezes/Projetos/CiadoArLaudos/src/components/LaudoCard.tsx": {"path":"/Users/guilhermemenezes/Projetos/CiadoArLaudos/src/components/LaudoCard.tsx","statementMap":{"0":{"start":{"line":12,"column":22},"end":{"line":12,"column":75}},"1":{"start":{"line":13,"column":22},"end":{"line":13,"column":86}},"2":{"start":{"line":15,"column":21},"end":{"line":25,"column":3}},"3":{"start":{"line":16,"column":4},"end":{"line":24,"column":5}},"4":{"start":{"line":17,"column":20},"end":{"line":17,"column":34}},"5":{"start":{"line":18,"column":6},"end":{"line":20,"column":7}},"6":{"start":{"line":19,"column":8},"end":{"line":19,"column":53}},"7":{"start":{"line":21,"column":6},"end":{"line":21,"column":17}},"8":{"start":{"line":23,"column":6},"end":{"line":23,"column":17}},"9":{"start":{"line":27,"column":2},"end":{"line":70,"column":4}},"10":{"start":{"line":73,"column":15},"end":{"line":171,"column":2}}},"fnMap":{"0":{"name":"LaudoCard","decl":{"start":{"line":11,"column":16},"end":{"line":11,"column":25}},"loc":{"start":{"line":11,"column":62},"end":{"line":71,"column":1}},"line":11},"1":{"name":"(anonymous_1)","decl":{"start":{"line":15,"column":21},"end":{"line":15,"column":22}},"loc":{"start":{"line":15,"column":38},"end":{"line":25,"column":3}},"line":15}},"branchMap":{"0":{"loc":{"start":{"line":12,"column":22},"end":{"line":12,"column":75}},"type":"binary-expr","locations":[{"start":{"line":12,"column":22},"end":{"line":12,"column":62}},{"start":{"line":12,"column":66},"end":{"line":12,"column":75}}],"line":12},"1":{"loc":{"start":{"line":13,"column":22},"end":{"line":13,"column":86}},"type":"binary-expr","locations":[{"start":{"line":13,"column":22},"end":{"line":13,"column":68}},{"start":{"line":13,"column":72},"end":{"line":13,"column":86}}],"line":13},"2":{"loc":{"start":{"line":18,"column":6},"end":{"line":20,"column":7}},"type":"if","locations":[{"start":{"line":18,"column":6},"end":{"line":20,"column":7}},{"start":{},"end":{}}],"line":18},"3":{"loc":{"start":{"line":62,"column":9},"end":{"line":67,"column":9}},"type":"binary-expr","locations":[{"start":{"line":62,"column":9},"end":{"line":62,"column":21}},{"start":{"line":63,"column":10},"end":{"line":66,"column":17}}],"line":62}},"s":{"0":3,"1":3,"2":3,"3":3,"4":3,"5":3,"6":3,"7":0,"8":0,"9":3,"10":2},"f":{"0":3,"1":3},"b":{"0":[3,0],"1":[3,0],"2":[3,0],"3":[3,2]},"_coverageSchema":"1a1c01bbd47fc00a2c39e90264f33305004495a9","hash":"ccf7df03a873337856c41da7e3d733c1b44f055a"}
,"/Users/guilhermemenezes/Projetos/CiadoArLaudos/src/components/LaudoForm.tsx": {"path":"/Users/guilhermemenezes/Projetos/CiadoArLaudos/src/components/LaudoForm.tsx","statementMap":{"0":{"start":{"line":34,"column":20},"end":{"line":91,"column":2}},"1":{"start":{"line":120,"column":2},"end":{"line":173,"column":4}},"2":{"start":{"line":126,"column":31},"end":{"line":126,"column":44}},"3":{"start":{"line":127,"column":25},"end":{"line":127,"column":37}},"4":{"start":{"line":128,"column":29},"end":{"line":128,"column":57}},"5":{"start":{"line":129,"column":33},"end":{"line":129,"column":61}},"6":{"start":{"line":130,"column":36},"end":{"line":130,"column":64}},"7":{"start":{"line":131,"column":29},"end":{"line":131,"column":71}},"8":{"start":{"line":133,"column":12},"end":{"line":157,"column":14}},"9":{"start":{"line":140,"column":31},"end":{"line":140,"column":44}},"10":{"start":{"line":188,"column":2},"end":{"line":212,"column":4}},"11":{"start":{"line":191,"column":27},"end":{"line":191,"column":40}},"12":{"start":{"line":192,"column":22},"end":{"line":192,"column":33}},"13":{"start":{"line":193,"column":8},"end":{"line":209,"column":10}},"14":{"start":{"line":200,"column":27},"end":{"line":200,"column":40}},"15":{"start":{"line":217,"column":42},"end":{"line":217,"column":57}},"16":{"start":{"line":219,"column":2},"end":{"line":264,"column":4}},"17":{"start":{"line":224,"column":23},"end":{"line":224,"column":44}},"18":{"start":{"line":233,"column":91},"end":{"line":233,"column":113}},"19":{"start":{"line":234,"column":87},"end":{"line":234,"column":109}},"20":{"start":{"line":235,"column":77},"end":{"line":235,"column":81}},"21":{"start":{"line":238,"column":47},"end":{"line":238,"column":69}},"22":{"start":{"line":245,"column":35},"end":{"line":245,"column":47}},"23":{"start":{"line":246,"column":16},"end":{"line":257,"column":18}},"24":{"start":{"line":251,"column":22},"end":{"line":251,"column":35}},"25":{"start":{"line":252,"column":22},"end":{"line":252,"column":45}},"26":{"start":{"line":269,"column":2},"end":{"line":269,"column":30}},"27":{"start":{"line":269,"column":12},"end":{"line":269,"column":30}},"28":{"start":{"line":270,"column":2},"end":{"line":283,"column":12}},"29":{"start":{"line":271,"column":4},"end":{"line":276,"column":5}},"30":{"start":{"line":272,"column":20},"end":{"line":272,"column":46}},"31":{"start":{"line":273,"column":6},"end":{"line":275,"column":7}},"32":{"start":{"line":274,"column":8},"end":{"line":274,"column":58}},"33":{"start":{"line":277,"column":4},"end":{"line":282,"column":5}},"34":{"start":{"line":278,"column":20},"end":{"line":278,"column":46}},"35":{"start":{"line":279,"column":6},"end":{"line":281,"column":7}},"36":{"start":{"line":280,"column":8},"end":{"line":280,"column":58}},"37":{"start":{"line":284,"column":2},"end":{"line":284,"column":20}},"38":{"start":{"line":288,"column":2},"end":{"line":288,"column":27}},"39":{"start":{"line":288,"column":17},"end":{"line":288,"column":27}},"40":{"start":{"line":289,"column":12},"end":{"line":289,"column":37}},"41":{"start":{"line":290,"column":14},"end":{"line":290,"column":50}},"42":{"start":{"line":291,"column":16},"end":{"line":291,"column":57}},"43":{"start":{"line":292,"column":15},"end":{"line":292,"column":30}},"44":{"start":{"line":293,"column":2},"end":{"line":293,"column":35}},"45":{"start":{"line":297,"column":14},"end":{"line":297,"column":50}},"46":{"start":{"line":298,"column":16},"end":{"line":298,"column":57}},"47":{"start":{"line":299,"column":15},"end":{"line":299,"column":30}},"48":{"start":{"line":300,"column":2},"end":{"line":300,"column":35}},"49":{"start":{"line":314,"column":26},"end":{"line":314,"column":41}},"50":{"start":{"line":315,"column":23},"end":{"line":315,"column":45}},"51":{"start":{"line":317,"column":23},"end":{"line":324,"column":3}},"52":{"start":{"line":318,"column":4},"end":{"line":320,"column":5}},"53":{"start":{"line":319,"column":6},"end":{"line":319,"column":21}},"54":{"start":{"line":321,"column":4},"end":{"line":323,"column":5}},"55":{"start":{"line":322,"column":6},"end":{"line":322,"column":41}},"56":{"start":{"line":326,"column":2},"end":{"line":374,"column":4}},"57":{"start":{"line":331,"column":23},"end":{"line":331,"column":36}},"58":{"start":{"line":343,"column":87},"end":{"line":343,"column":101}},"59":{"start":{"line":344,"column":91},"end":{"line":344,"column":105}},"60":{"start":{"line":345,"column":91},"end":{"line":345,"column":95}},"61":{"start":{"line":348,"column":51},"end":{"line":348,"column":65}},"62":{"start":{"line":378,"column":76},"end":{"line":405,"column":4}},"63":{"start":{"line":407,"column":18},"end":{"line":407,"column":34}},"64":{"start":{"line":409,"column":27},"end":{"line":427,"column":3}},"65":{"start":{"line":411,"column":23},"end":{"line":425,"column":5}},"66":{"start":{"line":426,"column":4},"end":{"line":426,"column":48}},"67":{"start":{"line":429,"column":2},"end":{"line":579,"column":4}},"68":{"start":{"line":443,"column":14},"end":{"line":443,"column":127}},"69":{"start":{"line":460,"column":14},"end":{"line":460,"column":94}},"70":{"start":{"line":489,"column":14},"end":{"line":489,"column":130}},"71":{"start":{"line":508,"column":65},"end":{"line":508,"column":89}},"72":{"start":{"line":508,"column":113},"end":{"line":508,"column":143}},"73":{"start":{"line":514,"column":10},"end":{"line":525,"column":15}},"74":{"start":{"line":515,"column":12},"end":{"line":524,"column":17}},"75":{"start":{"line":516,"column":14},"end":{"line":523,"column":16}},"76":{"start":{"line":535,"column":10},"end":{"line":546,"column":15}},"77":{"start":{"line":536,"column":12},"end":{"line":545,"column":17}},"78":{"start":{"line":537,"column":14},"end":{"line":544,"column":16}},"79":{"start":{"line":566,"column":8},"end":{"line":566,"column":165}},"80":{"start":{"line":585,"column":2},"end":{"line":590,"column":4}},"81":{"start":{"line":594,"column":2},"end":{"line":606,"column":4}},"82":{"start":{"line":596,"column":6},"end":{"line":604,"column":13}},"83":{"start":{"line":609,"column":15},"end":{"line":656,"column":2}}},"fnMap":{"0":{"name":"SelectRow","decl":{"start":{"line":103,"column":9},"end":{"line":103,"column":18}},"loc":{"start":{"line":119,"column":3},"end":{"line":174,"column":1}},"line":119},"1":{"name":"(anonymous_1)","decl":{"start":{"line":125,"column":23},"end":{"line":125,"column":24}},"loc":{"start":{"line":125,"column":43},"end":{"line":158,"column":11}},"line":125},"2":{"name":"(anonymous_2)","decl":{"start":{"line":140,"column":25},"end":{"line":140,"column":26}},"loc":{"start":{"line":140,"column":31},"end":{"line":140,"column":44}},"line":140},"3":{"name":"SelectVertical","decl":{"start":{"line":177,"column":9},"end":{"line":177,"column":23}},"loc":{"start":{"line":187,"column":3},"end":{"line":213,"column":1}},"line":187},"4":{"name":"(anonymous_4)","decl":{"start":{"line":190,"column":19},"end":{"line":190,"column":20}},"loc":{"start":{"line":190,"column":39},"end":{"line":210,"column":7}},"line":190},"5":{"name":"(anonymous_5)","decl":{"start":{"line":200,"column":21},"end":{"line":200,"column":22}},"loc":{"start":{"line":200,"column":27},"end":{"line":200,"column":40}},"line":200},"6":{"name":"StatePicker","decl":{"start":{"line":216,"column":9},"end":{"line":216,"column":20}},"loc":{"start":{"line":216,"column":117},"end":{"line":265,"column":1}},"line":216},"7":{"name":"(anonymous_7)","decl":{"start":{"line":224,"column":17},"end":{"line":224,"column":18}},"loc":{"start":{"line":224,"column":23},"end":{"line":224,"column":44}},"line":224},"8":{"name":"(anonymous_8)","decl":{"start":{"line":233,"column":85},"end":{"line":233,"column":86}},"loc":{"start":{"line":233,"column":91},"end":{"line":233,"column":113}},"line":233},"9":{"name":"(anonymous_9)","decl":{"start":{"line":234,"column":81},"end":{"line":234,"column":82}},"loc":{"start":{"line":234,"column":87},"end":{"line":234,"column":109}},"line":234},"10":{"name":"(anonymous_10)","decl":{"start":{"line":235,"column":71},"end":{"line":235,"column":72}},"loc":{"start":{"line":235,"column":77},"end":{"line":235,"column":81}},"line":235},"11":{"name":"(anonymous_11)","decl":{"start":{"line":238,"column":41},"end":{"line":238,"column":42}},"loc":{"start":{"line":238,"column":47},"end":{"line":238,"column":69}},"line":238},"12":{"name":"(anonymous_12)","decl":{"start":{"line":244,"column":34},"end":{"line":244,"column":35}},"loc":{"start":{"line":244,"column":42},"end":{"line":258,"column":15}},"line":244},"13":{"name":"(anonymous_13)","decl":{"start":{"line":250,"column":29},"end":{"line":250,"column":30}},"loc":{"start":{"line":250,"column":35},"end":{"line":253,"column":21}},"line":250},"14":{"name":"parseDateString","decl":{"start":{"line":268,"column":9},"end":{"line":268,"column":24}},"loc":{"start":{"line":268,"column":45},"end":{"line":285,"column":1}},"line":268},"15":{"name":"formatDateForDisplay","decl":{"start":{"line":287,"column":9},"end":{"line":287,"column":29}},"loc":{"start":{"line":287,"column":57},"end":{"line":294,"column":1}},"line":287},"16":{"name":"formatDateForValue","decl":{"start":{"line":296,"column":9},"end":{"line":296,"column":27}},"loc":{"start":{"line":296,"column":45},"end":{"line":301,"column":1}},"line":296},"17":{"name":"DatePickerField","decl":{"start":{"line":303,"column":9},"end":{"line":303,"column":24}},"loc":{"start":{"line":313,"column":3},"end":{"line":375,"column":1}},"line":313},"18":{"name":"(anonymous_18)","decl":{"start":{"line":317,"column":23},"end":{"line":317,"column":24}},"loc":{"start":{"line":317,"column":68},"end":{"line":324,"column":3}},"line":317},"19":{"name":"(anonymous_19)","decl":{"start":{"line":331,"column":17},"end":{"line":331,"column":18}},"loc":{"start":{"line":331,"column":23},"end":{"line":331,"column":36}},"line":331},"20":{"name":"(anonymous_20)","decl":{"start":{"line":343,"column":81},"end":{"line":343,"column":82}},"loc":{"start":{"line":343,"column":87},"end":{"line":343,"column":101}},"line":343},"21":{"name":"(anonymous_21)","decl":{"start":{"line":344,"column":85},"end":{"line":344,"column":86}},"loc":{"start":{"line":344,"column":91},"end":{"line":344,"column":105}},"line":344},"22":{"name":"(anonymous_22)","decl":{"start":{"line":345,"column":85},"end":{"line":345,"column":86}},"loc":{"start":{"line":345,"column":91},"end":{"line":345,"column":95}},"line":345},"23":{"name":"(anonymous_23)","decl":{"start":{"line":348,"column":45},"end":{"line":348,"column":46}},"loc":{"start":{"line":348,"column":51},"end":{"line":348,"column":65}},"line":348},"24":{"name":"LaudoForm","decl":{"start":{"line":377,"column":16},"end":{"line":377,"column":25}},"loc":{"start":{"line":377,"column":112},"end":{"line":580,"column":1}},"line":377},"25":{"name":"(anonymous_25)","decl":{"start":{"line":409,"column":27},"end":{"line":409,"column":28}},"loc":{"start":{"line":409,"column":55},"end":{"line":427,"column":3}},"line":409},"26":{"name":"(anonymous_26)","decl":{"start":{"line":442,"column":20},"end":{"line":442,"column":21}},"loc":{"start":{"line":443,"column":14},"end":{"line":443,"column":127}},"line":443},"27":{"name":"(anonymous_27)","decl":{"start":{"line":459,"column":20},"end":{"line":459,"column":21}},"loc":{"start":{"line":460,"column":14},"end":{"line":460,"column":94}},"line":460},"28":{"name":"(anonymous_28)","decl":{"start":{"line":488,"column":20},"end":{"line":488,"column":21}},"loc":{"start":{"line":489,"column":14},"end":{"line":489,"column":130}},"line":489},"29":{"name":"(anonymous_29)","decl":{"start":{"line":508,"column":56},"end":{"line":508,"column":57}},"loc":{"start":{"line":508,"column":65},"end":{"line":508,"column":89}},"line":508},"30":{"name":"(anonymous_30)","decl":{"start":{"line":508,"column":107},"end":{"line":508,"column":108}},"loc":{"start":{"line":508,"column":113},"end":{"line":508,"column":143}},"line":508},"31":{"name":"(anonymous_31)","decl":{"start":{"line":513,"column":110},"end":{"line":513,"column":111}},"loc":{"start":{"line":514,"column":10},"end":{"line":525,"column":15}},"line":514},"32":{"name":"(anonymous_32)","decl":{"start":{"line":514,"column":87},"end":{"line":514,"column":88}},"loc":{"start":{"line":515,"column":12},"end":{"line":524,"column":17}},"line":515},"33":{"name":"(anonymous_33)","decl":{"start":{"line":515,"column":82},"end":{"line":515,"column":83}},"loc":{"start":{"line":516,"column":14},"end":{"line":523,"column":16}},"line":516},"34":{"name":"(anonymous_34)","decl":{"start":{"line":534,"column":67},"end":{"line":534,"column":68}},"loc":{"start":{"line":535,"column":10},"end":{"line":546,"column":15}},"line":535},"35":{"name":"(anonymous_35)","decl":{"start":{"line":535,"column":92},"end":{"line":535,"column":93}},"loc":{"start":{"line":536,"column":12},"end":{"line":545,"column":17}},"line":536},"36":{"name":"(anonymous_36)","decl":{"start":{"line":536,"column":87},"end":{"line":536,"column":88}},"loc":{"start":{"line":537,"column":14},"end":{"line":544,"column":16}},"line":537},"37":{"name":"(anonymous_37)","decl":{"start":{"line":565,"column":64},"end":{"line":565,"column":65}},"loc":{"start":{"line":566,"column":8},"end":{"line":566,"column":165}},"line":566},"38":{"name":"SectionHeader","decl":{"start":{"line":584,"column":9},"end":{"line":584,"column":22}},"loc":{"start":{"line":584,"column":97},"end":{"line":591,"column":1}},"line":584},"39":{"name":"InputField","decl":{"start":{"line":593,"column":9},"end":{"line":593,"column":19}},"loc":{"start":{"line":593,"column":127},"end":{"line":607,"column":1}},"line":593},"40":{"name":"(anonymous_40)","decl":{"start":{"line":595,"column":54},"end":{"line":595,"column":55}},"loc":{"start":{"line":596,"column":6},"end":{"line":604,"column":13}},"line":596}},"branchMap":{"0":{"loc":{"start":{"line":128,"column":29},"end":{"line":128,"column":57}},"type":"cond-expr","locations":[{"start":{"line":128,"column":36},"end":{"line":128,"column":45}},{"start":{"line":128,"column":48},"end":{"line":128,"column":57}}],"line":128},"1":{"loc":{"start":{"line":129,"column":33},"end":{"line":129,"column":61}},"type":"cond-expr","locations":[{"start":{"line":129,"column":40},"end":{"line":129,"column":49}},{"start":{"line":129,"column":52},"end":{"line":129,"column":61}}],"line":129},"2":{"loc":{"start":{"line":130,"column":36},"end":{"line":130,"column":64}},"type":"cond-expr","locations":[{"start":{"line":130,"column":43},"end":{"line":130,"column":52}},{"start":{"line":130,"column":55},"end":{"line":130,"column":64}}],"line":130},"3":{"loc":{"start":{"line":131,"column":29},"end":{"line":131,"column":71}},"type":"cond-expr","locations":[{"start":{"line":131,"column":36},"end":{"line":131,"column":54}},{"start":{"line":131,"column":57},"end":{"line":131,"column":71}}],"line":131},"4":{"loc":{"start":{"line":138,"column":18},"end":{"line":138,"column":88}},"type":"binary-expr","locations":[{"start":{"line":138,"column":18},"end":{"line":138,"column":28}},{"start":{"line":138,"column":32},"end":{"line":138,"column":88}}],"line":138},"5":{"loc":{"start":{"line":146,"column":25},"end":{"line":146,"column":65}},"type":"cond-expr","locations":[{"start":{"line":146,"column":38},"end":{"line":146,"column":53}},{"start":{"line":146,"column":56},"end":{"line":146,"column":65}}],"line":146},"6":{"loc":{"start":{"line":151,"column":20},"end":{"line":151,"column":79}},"type":"binary-expr","locations":[{"start":{"line":151,"column":20},"end":{"line":151,"column":30}},{"start":{"line":151,"column":34},"end":{"line":151,"column":79}}],"line":151},"7":{"loc":{"start":{"line":162,"column":7},"end":{"line":170,"column":7}},"type":"binary-expr","locations":[{"start":{"line":162,"column":7},"end":{"line":162,"column":18}},{"start":{"line":163,"column":8},"end":{"line":169,"column":10}}],"line":162},"8":{"loc":{"start":{"line":165,"column":17},"end":{"line":165,"column":31}},"type":"binary-expr","locations":[{"start":{"line":165,"column":17},"end":{"line":165,"column":25}},{"start":{"line":165,"column":29},"end":{"line":165,"column":31}}],"line":165},"9":{"loc":{"start":{"line":171,"column":7},"end":{"line":171,"column":63}},"type":"binary-expr","locations":[{"start":{"line":171,"column":7},"end":{"line":171,"column":12}},{"start":{"line":171,"column":16},"end":{"line":171,"column":63}}],"line":171},"10":{"loc":{"start":{"line":198,"column":14},"end":{"line":198,"column":81}},"type":"binary-expr","locations":[{"start":{"line":198,"column":14},"end":{"line":198,"column":24}},{"start":{"line":198,"column":28},"end":{"line":198,"column":81}}],"line":198},"11":{"loc":{"start":{"line":202,"column":40},"end":{"line":202,"column":76}},"type":"binary-expr","locations":[{"start":{"line":202,"column":40},"end":{"line":202,"column":50}},{"start":{"line":202,"column":54},"end":{"line":202,"column":76}}],"line":202},"12":{"loc":{"start":{"line":203,"column":15},"end":{"line":203,"column":93}},"type":"binary-expr","locations":[{"start":{"line":203,"column":15},"end":{"line":203,"column":25}},{"start":{"line":203,"column":29},"end":{"line":203,"column":93}}],"line":203},"13":{"loc":{"start":{"line":205,"column":53},"end":{"line":205,"column":95}},"type":"binary-expr","locations":[{"start":{"line":205,"column":53},"end":{"line":205,"column":63}},{"start":{"line":205,"column":67},"end":{"line":205,"column":95}}],"line":205},"14":{"loc":{"start":{"line":223,"column":53},"end":{"line":223,"column":85}},"type":"cond-expr","locations":[{"start":{"line":223,"column":61},"end":{"line":223,"column":78}},{"start":{"line":223,"column":81},"end":{"line":223,"column":85}}],"line":223},"15":{"loc":{"start":{"line":226,"column":46},"end":{"line":226,"column":76}},"type":"binary-expr","locations":[{"start":{"line":226,"column":46},"end":{"line":226,"column":52}},{"start":{"line":226,"column":56},"end":{"line":226,"column":76}}],"line":226},"16":{"loc":{"start":{"line":227,"column":11},"end":{"line":227,"column":24}},"type":"binary-expr","locations":[{"start":{"line":227,"column":11},"end":{"line":227,"column":16}},{"start":{"line":227,"column":20},"end":{"line":227,"column":24}}],"line":227},"17":{"loc":{"start":{"line":231,"column":7},"end":{"line":231,"column":63}},"type":"binary-expr","locations":[{"start":{"line":231,"column":7},"end":{"line":231,"column":12}},{"start":{"line":231,"column":16},"end":{"line":231,"column":63}}],"line":231},"18":{"loc":{"start":{"line":249,"column":43},"end":{"line":249,"column":78}},"type":"binary-expr","locations":[{"start":{"line":249,"column":43},"end":{"line":249,"column":53}},{"start":{"line":249,"column":57},"end":{"line":249,"column":78}}],"line":249},"19":{"loc":{"start":{"line":255,"column":53},"end":{"line":255,"column":92}},"type":"binary-expr","locations":[{"start":{"line":255,"column":53},"end":{"line":255,"column":63}},{"start":{"line":255,"column":67},"end":{"line":255,"column":92}}],"line":255},"20":{"loc":{"start":{"line":269,"column":2},"end":{"line":269,"column":30}},"type":"if","locations":[{"start":{"line":269,"column":2},"end":{"line":269,"column":30}},{"start":{},"end":{}}],"line":269},"21":{"loc":{"start":{"line":271,"column":4},"end":{"line":276,"column":5}},"type":"if","locations":[{"start":{"line":271,"column":4},"end":{"line":276,"column":5}},{"start":{},"end":{}}],"line":271},"22":{"loc":{"start":{"line":273,"column":6},"end":{"line":275,"column":7}},"type":"if","locations":[{"start":{"line":273,"column":6},"end":{"line":275,"column":7}},{"start":{},"end":{}}],"line":273},"23":{"loc":{"start":{"line":273,"column":10},"end":{"line":273,"column":64}},"type":"binary-expr","locations":[{"start":{"line":273,"column":10},"end":{"line":273,"column":28}},{"start":{"line":273,"column":32},"end":{"line":273,"column":40}},{"start":{"line":273,"column":44},"end":{"line":273,"column":52}},{"start":{"line":273,"column":56},"end":{"line":273,"column":64}}],"line":273},"24":{"loc":{"start":{"line":277,"column":4},"end":{"line":282,"column":5}},"type":"if","locations":[{"start":{"line":277,"column":4},"end":{"line":282,"column":5}},{"start":{},"end":{}}],"line":277},"25":{"loc":{"start":{"line":279,"column":6},"end":{"line":281,"column":7}},"type":"if","locations":[{"start":{"line":279,"column":6},"end":{"line":281,"column":7}},{"start":{},"end":{}}],"line":279},"26":{"loc":{"start":{"line":279,"column":10},"end":{"line":279,"column":64}},"type":"binary-expr","locations":[{"start":{"line":279,"column":10},"end":{"line":279,"column":28}},{"start":{"line":279,"column":32},"end":{"line":279,"column":40}},{"start":{"line":279,"column":44},"end":{"line":279,"column":52}},{"start":{"line":279,"column":56},"end":{"line":279,"column":64}}],"line":279},"27":{"loc":{"start":{"line":288,"column":2},"end":{"line":288,"column":27}},"type":"if","locations":[{"start":{"line":288,"column":2},"end":{"line":288,"column":27}},{"start":{},"end":{}}],"line":288},"28":{"loc":{"start":{"line":318,"column":4},"end":{"line":320,"column":5}},"type":"if","locations":[{"start":{"line":318,"column":4},"end":{"line":320,"column":5}},{"start":{},"end":{}}],"line":318},"29":{"loc":{"start":{"line":321,"column":4},"end":{"line":323,"column":5}},"type":"if","locations":[{"start":{"line":321,"column":4},"end":{"line":323,"column":5}},{"start":{},"end":{}}],"line":321},"30":{"loc":{"start":{"line":321,"column":8},"end":{"line":321,"column":36}},"type":"binary-expr","locations":[{"start":{"line":321,"column":8},"end":{"line":321,"column":28}},{"start":{"line":321,"column":32},"end":{"line":321,"column":36}}],"line":321},"31":{"loc":{"start":{"line":330,"column":52},"end":{"line":330,"column":84}},"type":"cond-expr","locations":[{"start":{"line":330,"column":60},"end":{"line":330,"column":77}},{"start":{"line":330,"column":80},"end":{"line":330,"column":84}}],"line":330},"32":{"loc":{"start":{"line":335,"column":45},"end":{"line":335,"column":75}},"type":"binary-expr","locations":[{"start":{"line":335,"column":45},"end":{"line":335,"column":51}},{"start":{"line":335,"column":55},"end":{"line":335,"column":75}}],"line":335},"33":{"loc":{"start":{"line":336,"column":11},"end":{"line":336,"column":61}},"type":"cond-expr","locations":[{"start":{"line":336,"column":19},"end":{"line":336,"column":46}},{"start":{"line":336,"column":49},"end":{"line":336,"column":61}}],"line":336},"34":{"loc":{"start":{"line":339,"column":7},"end":{"line":339,"column":63}},"type":"binary-expr","locations":[{"start":{"line":339,"column":7},"end":{"line":339,"column":12}},{"start":{"line":339,"column":16},"end":{"line":339,"column":63}}],"line":339},"35":{"loc":{"start":{"line":341,"column":7},"end":{"line":372,"column":7}},"type":"binary-expr","locations":[{"start":{"line":341,"column":7},"end":{"line":341,"column":11}},{"start":{"line":342,"column":8},"end":{"line":371,"column":9}}],"line":341},"36":{"loc":{"start":{"line":342,"column":8},"end":{"line":371,"column":9}},"type":"cond-expr","locations":[{"start":{"line":343,"column":10},"end":{"line":363,"column":18}},{"start":{"line":365,"column":10},"end":{"line":370,"column":12}}],"line":342},"37":{"loc":{"start":{"line":377,"column":64},"end":{"line":377,"column":92}},"type":"default-arg","locations":[{"start":{"line":377,"column":78},"end":{"line":377,"column":92}}],"line":377},"38":{"loc":{"start":{"line":381,"column":19},"end":{"line":381,"column":87}},"type":"binary-expr","locations":[{"start":{"line":381,"column":19},"end":{"line":381,"column":45}},{"start":{"line":381,"column":49},"end":{"line":381,"column":87}}],"line":381},"39":{"loc":{"start":{"line":382,"column":22},"end":{"line":382,"column":93}},"type":"binary-expr","locations":[{"start":{"line":382,"column":22},"end":{"line":382,"column":51}},{"start":{"line":382,"column":55},"end":{"line":382,"column":93}}],"line":382},"40":{"loc":{"start":{"line":383,"column":14},"end":{"line":383,"column":41}},"type":"binary-expr","locations":[{"start":{"line":383,"column":14},"end":{"line":383,"column":35}},{"start":{"line":383,"column":39},"end":{"line":383,"column":41}}],"line":383},"41":{"loc":{"start":{"line":384,"column":14},"end":{"line":384,"column":43}},"type":"binary-expr","locations":[{"start":{"line":384,"column":14},"end":{"line":384,"column":35}},{"start":{"line":384,"column":39},"end":{"line":384,"column":43}}],"line":384},"42":{"loc":{"start":{"line":414,"column":25},"end":{"line":414,"column":53}},"type":"binary-expr","locations":[{"start":{"line":414,"column":25},"end":{"line":414,"column":47}},{"start":{"line":414,"column":51},"end":{"line":414,"column":53}}],"line":414},"43":{"loc":{"start":{"line":415,"column":32},"end":{"line":415,"column":67}},"type":"binary-expr","locations":[{"start":{"line":415,"column":32},"end":{"line":415,"column":61}},{"start":{"line":415,"column":65},"end":{"line":415,"column":67}}],"line":415},"44":{"loc":{"start":{"line":416,"column":25},"end":{"line":416,"column":53}},"type":"binary-expr","locations":[{"start":{"line":416,"column":25},"end":{"line":416,"column":47}},{"start":{"line":416,"column":51},"end":{"line":416,"column":53}}],"line":416},"45":{"loc":{"start":{"line":417,"column":28},"end":{"line":417,"column":59}},"type":"binary-expr","locations":[{"start":{"line":417,"column":28},"end":{"line":417,"column":53}},{"start":{"line":417,"column":57},"end":{"line":417,"column":59}}],"line":417},"46":{"loc":{"start":{"line":418,"column":22},"end":{"line":418,"column":47}},"type":"binary-expr","locations":[{"start":{"line":418,"column":22},"end":{"line":418,"column":41}},{"start":{"line":418,"column":45},"end":{"line":418,"column":47}}],"line":418},"47":{"loc":{"start":{"line":419,"column":22},"end":{"line":419,"column":47}},"type":"binary-expr","locations":[{"start":{"line":419,"column":22},"end":{"line":419,"column":41}},{"start":{"line":419,"column":45},"end":{"line":419,"column":47}}],"line":419},"48":{"loc":{"start":{"line":420,"column":33},"end":{"line":420,"column":69}},"type":"binary-expr","locations":[{"start":{"line":420,"column":33},"end":{"line":420,"column":63}},{"start":{"line":420,"column":67},"end":{"line":420,"column":69}}],"line":420},"49":{"loc":{"start":{"line":421,"column":28},"end":{"line":421,"column":59}},"type":"binary-expr","locations":[{"start":{"line":421,"column":28},"end":{"line":421,"column":53}},{"start":{"line":421,"column":57},"end":{"line":421,"column":59}}],"line":421},"50":{"loc":{"start":{"line":422,"column":32},"end":{"line":422,"column":67}},"type":"binary-expr","locations":[{"start":{"line":422,"column":32},"end":{"line":422,"column":61}},{"start":{"line":422,"column":65},"end":{"line":422,"column":67}}],"line":422},"51":{"loc":{"start":{"line":423,"column":33},"end":{"line":423,"column":69}},"type":"binary-expr","locations":[{"start":{"line":423,"column":33},"end":{"line":423,"column":63}},{"start":{"line":423,"column":67},"end":{"line":423,"column":69}}],"line":423},"52":{"loc":{"start":{"line":424,"column":32},"end":{"line":424,"column":67}},"type":"binary-expr","locations":[{"start":{"line":424,"column":32},"end":{"line":424,"column":61}},{"start":{"line":424,"column":65},"end":{"line":424,"column":67}}],"line":424},"53":{"loc":{"start":{"line":570,"column":50},"end":{"line":570,"column":87}},"type":"binary-expr","locations":[{"start":{"line":570,"column":50},"end":{"line":570,"column":59}},{"start":{"line":570,"column":63},"end":{"line":570,"column":87}}],"line":570},"54":{"loc":{"start":{"line":571,"column":9},"end":{"line":576,"column":9}},"type":"cond-expr","locations":[{"start":{"line":571,"column":21},"end":{"line":571,"column":55}},{"start":{"line":572,"column":10},"end":{"line":575,"column":13}}],"line":571},"55":{"loc":{"start":{"line":599,"column":32},"end":{"line":599,"column":66}},"type":"binary-expr","locations":[{"start":{"line":599,"column":32},"end":{"line":599,"column":41}},{"start":{"line":599,"column":45},"end":{"line":599,"column":66}}],"line":599},"56":{"loc":{"start":{"line":599,"column":68},"end":{"line":599,"column":100}},"type":"cond-expr","locations":[{"start":{"line":599,"column":76},"end":{"line":599,"column":93}},{"start":{"line":599,"column":96},"end":{"line":599,"column":100}}],"line":599},"57":{"loc":{"start":{"line":600,"column":17},"end":{"line":600,"column":28}},"type":"binary-expr","locations":[{"start":{"line":600,"column":17},"end":{"line":600,"column":22}},{"start":{"line":600,"column":26},"end":{"line":600,"column":28}}],"line":600},"58":{"loc":{"start":{"line":601,"column":141},"end":{"line":601,"column":167}},"type":"cond-expr","locations":[{"start":{"line":601,"column":153},"end":{"line":601,"column":158}},{"start":{"line":601,"column":161},"end":{"line":601,"column":167}}],"line":601},"59":{"loc":{"start":{"line":603,"column":9},"end":{"line":603,"column":65}},"type":"binary-expr","locations":[{"start":{"line":603,"column":9},"end":{"line":603,"column":14}},{"start":{"line":603,"column":18},"end":{"line":603,"column":65}}],"line":603}},"s":{"0":3,"1":99,"2":198,"3":198,"4":198,"5":198,"6":198,"7":198,"8":198,"9":0,"10":9,"11":54,"12":54,"13":54,"14":0,"15":9,"16":9,"17":0,"18":0,"19":0,"20":0,"21":0,"22":243,"23":243,"24":0,"25":0,"26":36,"27":0,"28":36,"29":36,"30":36,"31":36,"32":36,"33":0,"34":0,"35":0,"36":0,"37":0,"38":18,"39":0,"40":18,"41":18,"42":18,"43":18,"44":18,"45":0,"46":0,"47":0,"48":0,"49":18,"50":18,"51":18,"52":0,"53":0,"54":0,"55":0,"56":18,"57":0,"58":0,"59":0,"60":0,"61":0,"62":9,"63":9,"64":9,"65":1,"66":1,"67":9,"68":9,"69":9,"70":9,"71":0,"72":0,"73":63,"74":63,"75":63,"76":36,"77":36,"78":36,"79":9,"80":54,"81":153,"82":153,"83":3},"f":{"0":99,"1":198,"2":0,"3":9,"4":54,"5":0,"6":9,"7":0,"8":0,"9":0,"10":0,"11":0,"12":243,"13":0,"14":36,"15":18,"16":0,"17":18,"18":0,"19":0,"20":0,"21":0,"22":0,"23":0,"24":9,"25":1,"26":9,"27":9,"28":9,"29":0,"30":0,"31":63,"32":63,"33":63,"34":36,"35":36,"36":36,"37":9,"38":54,"39":153,"40":153},"b":{"0":[99,99],"1":[99,99],"2":[99,99],"3":[99,99],"4":[198,99],"5":[99,99],"6":[198,99],"7":[99,99],"8":[99,0],"9":[99,0],"10":[54,9],"11":[54,9],"12":[54,9],"13":[54,9],"14":[0,9],"15":[9,0],"16":[9,0],"17":[9,0],"18":[243,9],"19":[243,9],"20":[0,36],"21":[36,0],"22":[36,0],"23":[36,36,36,36],"24":[0,0],"25":[0,0],"26":[0,0,0,0],"27":[0,18],"28":[0,0],"29":[0,0],"30":[0,0],"31":[0,18],"32":[18,0],"33":[18,0],"34":[18,0],"35":[18,0],"36":[0,0],"37":[4],"38":[9,0],"39":[9,2],"40":[9,2],"41":[9,2],"42":[1,1],"43":[1,1],"44":[1,1],"45":[1,1],"46":[1,1],"47":[1,1],"48":[1,1],"49":[1,1],"50":[1,1],"51":[1,1],"52":[1,1],"53":[9,0],"54":[0,9],"55":[153,9],"56":[0,153],"57":[153,18],"58":[9,144],"59":[153,0]},"_coverageSchema":"1a1c01bbd47fc00a2c39e90264f33305004495a9","hash":"84e4e8c299f5a64150ccf8705e7ca5df0a075c34"}
,"/Users/guilhermemenezes/Projetos/CiadoArLaudos/src/components/PdfViewerModal.tsx": {"path":"/Users/guilhermemenezes/Projetos/CiadoArLaudos/src/components/PdfViewerModal.tsx","statementMap":{"0":{"start":{"line":24,"column":40},"end":{"line":24,"column":60}},"1":{"start":{"line":25,"column":32},"end":{"line":25,"column":55}},"2":{"start":{"line":27,"column":2},"end":{"line":40,"column":23}},"3":{"start":{"line":28,"column":4},"end":{"line":39,"column":5}},"4":{"start":{"line":29,"column":6},"end":{"line":29,"column":23}},"5":{"start":{"line":30,"column":6},"end":{"line":38,"column":11}},"6":{"start":{"line":32,"column":10},"end":{"line":32,"column":31}},"7":{"start":{"line":33,"column":10},"end":{"line":33,"column":28}},"8":{"start":{"line":36,"column":10},"end":{"line":36,"column":70}},"9":{"start":{"line":37,"column":10},"end":{"line":37,"column":28}},"10":{"start":{"line":42,"column":2},"end":{"line":42,"column":26}},"11":{"start":{"line":42,"column":14},"end":{"line":42,"column":26}},"12":{"start":{"line":44,"column":2},"end":{"line":92,"column":4}},"13":{"start":{"line":95,"column":15},"end":{"line":170,"column":2}}},"fnMap":{"0":{"name":"PdfViewerModal","decl":{"start":{"line":23,"column":16},"end":{"line":23,"column":30}},"loc":{"start":{"line":23,"column":90},"end":{"line":93,"column":1}},"line":23},"1":{"name":"(anonymous_1)","decl":{"start":{"line":27,"column":12},"end":{"line":27,"column":13}},"loc":{"start":{"line":27,"column":18},"end":{"line":40,"column":3}},"line":27},"2":{"name":"(anonymous_2)","decl":{"start":{"line":31,"column":14},"end":{"line":31,"column":15}},"loc":{"start":{"line":31,"column":24},"end":{"line":34,"column":9}},"line":31},"3":{"name":"(anonymous_3)","decl":{"start":{"line":35,"column":15},"end":{"line":35,"column":16}},"loc":{"start":{"line":35,"column":24},"end":{"line":38,"column":9}},"line":35}},"branchMap":{"0":{"loc":{"start":{"line":28,"column":4},"end":{"line":39,"column":5}},"type":"if","locations":[{"start":{"line":28,"column":4},"end":{"line":39,"column":5}},{"start":{},"end":{}}],"line":28},"1":{"loc":{"start":{"line":28,"column":8},"end":{"line":28,"column":24}},"type":"binary-expr","locations":[{"start":{"line":28,"column":8},"end":{"line":28,"column":15}},{"start":{"line":28,"column":19},"end":{"line":28,"column":24}}],"line":28},"2":{"loc":{"start":{"line":42,"column":2},"end":{"line":42,"column":26}},"type":"if","locations":[{"start":{"line":42,"column":2},"end":{"line":42,"column":26}},{"start":{},"end":{}}],"line":42},"3":{"loc":{"start":{"line":63,"column":11},"end":{"line":70,"column":11}},"type":"cond-expr","locations":[{"start":{"line":64,"column":12},"end":{"line":67,"column":31}},{"start":{"line":69,"column":12},"end":{"line":69,"column":42}}],"line":63},"4":{"loc":{"start":{"line":75,"column":11},"end":{"line":88,"column":11}},"type":"cond-expr","locations":[{"start":{"line":76,"column":12},"end":{"line":79,"column":19}},{"start":{"line":81,"column":12},"end":{"line":87,"column":14}}],"line":75},"5":{"loc":{"start":{"line":75,"column":11},"end":{"line":75,"column":34}},"type":"binary-expr","locations":[{"start":{"line":75,"column":11},"end":{"line":75,"column":18}},{"start":{"line":75,"column":22},"end":{"line":75,"column":34}}],"line":75}},"s":{"0":5,"1":5,"2":5,"3":3,"4":2,"5":2,"6":2,"7":2,"8":0,"9":0,"10":5,"11":0,"12":5,"13":2},"f":{"0":5,"1":3,"2":2,"3":0},"b":{"0":[2,1],"1":[3,2],"2":[0,5],"3":[5,0],"4":[3,2],"5":[5,2]},"_coverageSchema":"1a1c01bbd47fc00a2c39e90264f33305004495a9","hash":"1049c7048b58830cef26b3d86dacff0361d5b31a"}
,"/Users/guilhermemenezes/Projetos/CiadoArLaudos/src/components/PhotoCapture.tsx": {"path":"/Users/guilhermemenezes/Projetos/CiadoArLaudos/src/components/PhotoCapture.tsx","statementMap":{"0":{"start":{"line":20,"column":23},"end":{"line":27,"column":3}},"1":{"start":{"line":21,"column":4},"end":{"line":26,"column":5}},"2":{"start":{"line":22,"column":21},"end":{"line":22,"column":43}},"3":{"start":{"line":23,"column":6},"end":{"line":23,"column":46}},"4":{"start":{"line":23,"column":18},"end":{"line":23,"column":46}},"5":{"start":{"line":25,"column":6},"end":{"line":25,"column":76}},"6":{"start":{"line":29,"column":24},"end":{"line":36,"column":3}},"7":{"start":{"line":30,"column":4},"end":{"line":35,"column":5}},"8":{"start":{"line":31,"column":21},"end":{"line":31,"column":44}},"9":{"start":{"line":32,"column":6},"end":{"line":32,"column":46}},"10":{"start":{"line":32,"column":18},"end":{"line":32,"column":46}},"11":{"start":{"line":34,"column":6},"end":{"line":34,"column":77}},"12":{"start":{"line":38,"column":23},"end":{"line":43,"column":3}},"13":{"start":{"line":39,"column":4},"end":{"line":42,"column":7}},"14":{"start":{"line":45,"column":2},"end":{"line":75,"column":3}},"15":{"start":{"line":46,"column":4},"end":{"line":74,"column":6}},"16":{"start":{"line":77,"column":2},"end":{"line":103,"column":4}},"17":{"start":{"line":106,"column":15},"end":{"line":234,"column":2}}},"fnMap":{"0":{"name":"PhotoCapture","decl":{"start":{"line":19,"column":16},"end":{"line":19,"column":28}},"loc":{"start":{"line":19,"column":95},"end":{"line":104,"column":1}},"line":19},"1":{"name":"(anonymous_1)","decl":{"start":{"line":20,"column":23},"end":{"line":20,"column":24}},"loc":{"start":{"line":20,"column":35},"end":{"line":27,"column":3}},"line":20},"2":{"name":"(anonymous_2)","decl":{"start":{"line":29,"column":24},"end":{"line":29,"column":25}},"loc":{"start":{"line":29,"column":36},"end":{"line":36,"column":3}},"line":29},"3":{"name":"(anonymous_3)","decl":{"start":{"line":38,"column":23},"end":{"line":38,"column":24}},"loc":{"start":{"line":38,"column":29},"end":{"line":43,"column":3}},"line":38}},"branchMap":{"0":{"loc":{"start":{"line":23,"column":6},"end":{"line":23,"column":46}},"type":"if","locations":[{"start":{"line":23,"column":6},"end":{"line":23,"column":46}},{"start":{},"end":{}}],"line":23},"1":{"loc":{"start":{"line":25,"column":26},"end":{"line":25,"column":74}},"type":"binary-expr","locations":[{"start":{"line":25,"column":26},"end":{"line":25,"column":35}},{"start":{"line":25,"column":39},"end":{"line":25,"column":74}}],"line":25},"2":{"loc":{"start":{"line":32,"column":6},"end":{"line":32,"column":46}},"type":"if","locations":[{"start":{"line":32,"column":6},"end":{"line":32,"column":46}},{"start":{},"end":{}}],"line":32},"3":{"loc":{"start":{"line":34,"column":26},"end":{"line":34,"column":75}},"type":"binary-expr","locations":[{"start":{"line":34,"column":26},"end":{"line":34,"column":35}},{"start":{"line":34,"column":39},"end":{"line":34,"column":75}}],"line":34},"4":{"loc":{"start":{"line":45,"column":2},"end":{"line":75,"column":3}},"type":"if","locations":[{"start":{"line":45,"column":2},"end":{"line":75,"column":3}},{"start":{},"end":{}}],"line":45}},"s":{"0":12,"1":1,"2":1,"3":1,"4":1,"5":0,"6":12,"7":0,"8":0,"9":0,"10":0,"11":0,"12":12,"13":0,"14":12,"15":1,"16":11,"17":4},"f":{"0":12,"1":1,"2":0,"3":0},"b":{"0":[1,0],"1":[0,0],"2":[0,0],"3":[0,0],"4":[1,11]},"_coverageSchema":"1a1c01bbd47fc00a2c39e90264f33305004495a9","hash":"9aa988a117503c8bb9a387f5c4e755c815477859"}
,"/Users/guilhermemenezes/Projetos/CiadoArLaudos/src/components/SearchBar.tsx": {"path":"/Users/guilhermemenezes/Projetos/CiadoArLaudos/src/components/SearchBar.tsx","statementMap":{"0":{"start":{"line":18,"column":32},"end":{"line":18,"column":47}},"1":{"start":{"line":19,"column":21},"end":{"line":19,"column":58}},"2":{"start":{"line":21,"column":22},"end":{"line":28,"column":3}},"3":{"start":{"line":22,"column":4},"end":{"line":22,"column":21}},"4":{"start":{"line":23,"column":4},"end":{"line":27,"column":15}},"5":{"start":{"line":30,"column":21},"end":{"line":37,"column":3}},"6":{"start":{"line":31,"column":4},"end":{"line":31,"column":22}},"7":{"start":{"line":32,"column":4},"end":{"line":36,"column":15}},"8":{"start":{"line":39,"column":22},"end":{"line":42,"column":4}},"9":{"start":{"line":44,"column":2},"end":{"line":71,"column":4}},"10":{"start":{"line":66,"column":41},"end":{"line":66,"column":57}},"11":{"start":{"line":74,"column":15},"end":{"line":104,"column":2}}},"fnMap":{"0":{"name":"SearchBar","decl":{"start":{"line":17,"column":16},"end":{"line":17,"column":25}},"loc":{"start":{"line":17,"column":118},"end":{"line":72,"column":1}},"line":17},"1":{"name":"(anonymous_1)","decl":{"start":{"line":21,"column":22},"end":{"line":21,"column":23}},"loc":{"start":{"line":21,"column":28},"end":{"line":28,"column":3}},"line":21},"2":{"name":"(anonymous_2)","decl":{"start":{"line":30,"column":21},"end":{"line":30,"column":22}},"loc":{"start":{"line":30,"column":27},"end":{"line":37,"column":3}},"line":30},"3":{"name":"(anonymous_3)","decl":{"start":{"line":66,"column":35},"end":{"line":66,"column":36}},"loc":{"start":{"line":66,"column":41},"end":{"line":66,"column":57}},"line":66}},"branchMap":{"0":{"loc":{"start":{"line":17,"column":49},"end":{"line":17,"column":98}},"type":"default-arg","locations":[{"start":{"line":17,"column":63},"end":{"line":17,"column":98}}],"line":17},"1":{"loc":{"start":{"line":49,"column":15},"end":{"line":49,"column":46}},"type":"cond-expr","locations":[{"start":{"line":49,"column":25},"end":{"line":49,"column":34}},{"start":{"line":49,"column":37},"end":{"line":49,"column":46}}],"line":49},"2":{"loc":{"start":{"line":65,"column":7},"end":{"line":69,"column":7}},"type":"binary-expr","locations":[{"start":{"line":65,"column":7},"end":{"line":65,"column":23}},{"start":{"line":66,"column":8},"end":{"line":68,"column":27}}],"line":65}},"s":{"0":4,"1":4,"2":4,"3":0,"4":0,"5":4,"6":0,"7":0,"8":4,"9":4,"10":0,"11":2},"f":{"0":4,"1":0,"2":0,"3":0},"b":{"0":[4],"1":[0,4],"2":[4,1]},"_coverageSchema":"1a1c01bbd47fc00a2c39e90264f33305004495a9","hash":"c0495869f95575bf64ab2dd87d4b7c5a2ed957b5"}
,"/Users/guilhermemenezes/Projetos/CiadoArLaudos/src/services/database.ts": {"path":"/Users/guilhermemenezes/Projetos/CiadoArLaudos/src/services/database.ts","statementMap":{"0":{"start":{"line":4,"column":16},"end":{"line":4,"column":30}},"1":{"start":{"line":6,"column":39},"end":{"line":6,"column":43}},"2":{"start":{"line":9,"column":2},"end":{"line":12,"column":3}},"3":{"start":{"line":10,"column":4},"end":{"line":10,"column":49}},"4":{"start":{"line":11,"column":4},"end":{"line":11,"column":33}},"5":{"start":{"line":13,"column":2},"end":{"line":13,"column":12}},"6":{"start":{"line":17,"column":2},"end":{"line":79,"column":5}},"7":{"start":{"line":82,"column":2},"end":{"line":84,"column":16}},"8":{"start":{"line":83,"column":4},"end":{"line":83,"column":99}},"9":{"start":{"line":86,"column":2},"end":{"line":88,"column":16}},"10":{"start":{"line":87,"column":4},"end":{"line":87,"column":99}},"11":{"start":{"line":92,"column":13},"end":{"line":92,"column":32}},"12":{"start":{"line":93,"column":20},"end":{"line":93,"column":38}},"13":{"start":{"line":94,"column":20},"end":{"line":94,"column":38}},"14":{"start":{"line":95,"column":26},"end":{"line":95,"column":55}},"15":{"start":{"line":97,"column":2},"end":{"line":136,"column":4}},"16":{"start":{"line":140,"column":13},"end":{"line":140,"column":32}},"17":{"start":{"line":141,"column":13},"end":{"line":143,"column":3}},"18":{"start":{"line":144,"column":2},"end":{"line":149,"column":3}},"19":{"start":{"line":145,"column":4},"end":{"line":145,"column":27}},"20":{"start":{"line":146,"column":4},"end":{"line":148,"column":6}},"21":{"start":{"line":150,"column":2},"end":{"line":150,"column":14}},"22":{"start":{"line":154,"column":13},"end":{"line":154,"column":32}},"23":{"start":{"line":155,"column":14},"end":{"line":158,"column":3}},"24":{"start":{"line":159,"column":2},"end":{"line":159,"column":21}},"25":{"start":{"line":163,"column":13},"end":{"line":163,"column":32}},"26":{"start":{"line":164,"column":2},"end":{"line":164,"column":71}},"27":{"start":{"
[...]
":{"line":183,"column":2},"end":{"line":183,"column":30}},"34":{"start":{"line":187,"column":39},"end":{"line":443,"column":3}},"35":{"start":{"line":445,"column":2},"end":{"line":447,"column":3}},"36":{"start":{"line":446,"column":4},"end":{"line":446,"column":26}}},"fnMap":{"0":{"name":"getDatabase","decl":{"start":{"line":8,"column":22},"end":{"line":8,"column":33}},"loc":{"start":{"line":8,"column":68},"end":{"line":14,"column":1}},"line":8},"1":{"name":"initializeDatabase","decl":{"start":{"line":16,"column":15},"end":{"line":16,"column":33}},"loc":{"start":{"line":16,"column":61},"end":{"line":89,"column":1}},"line":16},"2":{"name":"saveLaudo","decl":{"start":{"line":91,"column":22},"end":{"line":91,"column":31}},"loc":{"start":{"line":91,"column":70},"end":{"line":137,"column":1}},"line":91},"3":{"name":"getLaudos","decl":{"start":{"line":139,"column":22},"end":{"line":139,"column":31}},"loc":{"start":{"line":139,"column":61},"end":{"line":151,"column":1}},"line":139},"4":{"name":"getLaudoById","decl":{"start":{"line":153,"column":22},"end":{"line":153,"column":34}},"loc":{"start":{"line":153,"column":79},"end":{"line":160,"column":1}},"line":153},"5":{"name":"deleteLaudo","decl":{"start":{"line":162,"column":22},"end":{"line":162,"column":33}},"loc":{"start":{"line":162,"column":61},"end":{"line":165,"column":1}},"line":162},"6":{"name":"updatePdfUri","decl":{"start":{"line":167,"column":22},"end":{"line":167,"column":34}},"loc":{"start":{"line":167,"column":78},"end":{"line":173,"column":1}},"line":167},"7":{"name":"generateId","decl":{"start":{"line":175,"column":16},"end":{"line":175,"column":26}},"loc":{"start":{"line":175,"column":37},"end":{"line":177,"column":1}},"line":175},"8":{"name":"generateNumeroLaudo","decl":{"start":{"line":179,"column":16},"end":{"line":179,"column":35}},"loc":{"start":{"line":179,"column":46},"end":{"line":184,"column":1}},"line":179},"9":{"name":"seedMockLaudos","decl":{"start":{"line":186,"column":22},"end":{"line":186,"column":36}},"loc":{"start":{"line":186,"column":54},"end":{"line":448,"column":1}},"line":186}},"branchMap":{"0":{"loc":{"start":{"line":9,"column":2},"end":{"line":12,"column":3}},"type":"if","locations":[{"start":{"line":9,"column":2},"end":{"line":12,"column":3}},{"start":{},"end":{}}],"line":9},"1":{"loc":{"start":{"line":93,"column":20},"end":{"line":93,"column":38}},"type":"binary-expr","locations":[{"start":{"line":93,"column":20},"end":{"line":93,"column":32}},{"start":{"line":93,"column":36},"end":{"line":93,"column":38}}],"line":93},"2":{"loc":{"start":{"line":94,"column":20},"end":{"line":94,"column":38}},"type":"binary-expr","locations":[{"start":{"line":94,"column":20},"end":{"line":94,"column":32}},{"start":{"line":94,"column":36},"end":{"line":94,"column":38}}],"line":94},"3":{"loc":{"start":{"line":133,"column":26},"end":{"line":133,"column":47}},"type":"binary-expr","locations":[{"start":{"line":133,"column":26},"end":{"line":133,"column":39}},{"start":{"line":133,"column":43},"end":{"line":133,"column":47}}],"line":133},"4":{"loc":{"start":{"line":134,"column":42},"end":{"line":134,"column":62}},"type":"binary-expr","locations":[{"start":{"line":134,"column":42},"end":{"line":134,"column":54}},{"start":{"line":134,"column":58},"end":{"line":134,"column":62}}],"line":134},"5":{"loc":{"start":{"line":144,"column":2},"end":{"line":149,"column":3}},"type":"if","locations":[{"start":{"line":144,"column":2},"end":{"line":149,"column":3}},{"start":{},"end":{}}],"line":144},"6":{"loc":{"start":{"line":159,"column":9},"end":{"line":159,"column":20}},"type":"binary-expr","locations":[{"start":{"line":159,"column":9},"end":{"line":159,"column":12}},{"start":{"line":159,"column":16},"end":{"line":159,"column":20}}],"line":159}},"s":{"0":1,"1":1,"2":10,"3":1,"4":1,"5":10,"6":1,"7":1,"8":1,"9":1,"10":1,"11":1,"12":1,"13":1,"14":1,"15":1,"16":1,"17":1,"18":1,"19":0,"20":0,"21":1,"22":1,"23":1,"24":1,"25":1,"26":1,"27":1,"28":1,"29":1,"30":1,"31":1,"32":1,"33":1,"34":0,"35":0,"36":0},"f":{"0":10,"1":1,"2":1,"3":1,"4":1,"5":1,"6":1,"7":1,"8":1,"9":0},"b":{"0":[1,9],"1":[1,0],"2":[1,0],"3":[1,0],"4":[1,1],"5":[0,1],"6":[1,0]},"_coverageSchema":"1a1c01bbd47fc00a2c39e90264f33305004495a9","hash":"152164d32b9829de882e4e1c2e967c3266768d2e"}
,"/Users/guilhermemenezes/Projetos/CiadoArLaudos/src/services/imageService.ts": {"path":"/Users/guilhermemenezes/Projetos/CiadoArLaudos/src/services/imageService.ts","statementMap":{"0":{"start":{"line":13,"column":21},"end":{"line":13,"column":76}},"1":{"start":{"line":14,"column":2},"end":{"line":14,"column":41}},"2":{"start":{"line":14,"column":28},"end":{"line":14,"column":41}},"3":{"start":{"line":16,"column":23},"end":{"line":16,"column":72}},"4":{"start":{"line":17,"column":2},"end":{"line":17,"column":43}},"5":{"start":{"line":21,"column":21},"end":{"line":21,"column":70}},"6":{"start":{"line":22,"column":2},"end":{"line":24,"column":3}},"7":{"start":{"line":23,"column":4},"end":{"line":23,"column":50}},"8":{"start":{"line":26,"column":17},"end":{"line":31,"column":4}},"9":{"start":{"line":33,"column":2},"end":{"line":33,"column":56}},"10":{"start":{"line":33,"column":44},"end":{"line":33,"column":56}},"11":{"start":{"line":35,"column":2},"end":{"line":35,"column":53}},"12":{"start":{"line":39,"column":21},"end":{"line":39,"column":76}},"13":{"start":{"line":40,"column":2},"end":{"line":42,"column":3}},"14":{"start":{"line":41,"column":4},"end":{"line":41,"column":51}},"15":{"start":{"line":44,"column":17},"end":{"line":49,"column":4}},"16":{"start":{"line":51,"column":2},"end":{"line":51,"column":56}},"17":{"start":{"line":51,"column":44},"end":{"line":51,"column":56}},"18":{"start":{"line":53,"column":2},"end":{"line":53,"column":53}},"19":{"start":{"line":58,"column":22},"end":{"line":65,"column":3}},"20":{"start":{"line":68,"column":14},"end":{"line":68,"column":53}},"21":{"start":{"line":69,"column":2},"end":{"line":69,"column":68}},"22":{"start":{"line":71,"column":19},"end":{"line":71,"column":43}},"23":{"start":{"line":72,"column":15},"end":{"line":72,"column":29}},"24":{"start":{"line":74,"column":2},"end":{"line":74,"column":66}},"25":{"start":{"line":76,"column":2},"end":{"line":80,"column":4}},"26":{"start":{"line":84,"column":17},"end":{"line":86,"column":4}},"27":{"start":{"line":87,"column":2},"end":{"line":87,"column":44}}},"fnMap":{"0":{"name":"requestPermissions","decl":{"start":{"line":12,"column":22},"end":{"line":12,"column":40}},"loc":{"start":{"line":12,"column":61},"end":{"line":18,"column":1}},"line":12},"1":{"name":"pickFromCamera","decl":{"start":{"line":20,"column":22},"end":{"line":20,"column":36}},"loc":{"start":{"line":20,"column":68},"end":{"line":36,"column":1}},"line":20},"2":{"name":"pickFromGallery","decl":{"start":{"line":38,"column":22},"end":{"line":38,"column":37}},"loc":{"start":{"line":38,"column":69},"end":{"line":54,"column":1}},"line":38},"3":{"name":"compressAndSave","decl":{"start":{"line":56,"column":15},"end":{"line":56,"column":30}},"loc":{"start":{"line":56,"column":66},"end":{"line":81,"column":1}},"line":56},"4":{"name":"imageToBase64","decl":{"start":{"line":83,"column":22},"end":{"line":83,"column":35}},"loc":{"start":{"line":83,"column":66},"end":{"line":88,"column":1}},"line":83}},"branchMap":{"0":{"loc":{"start":{"line":14,"column":2},"end":{"line":14,"column":41}},"type":"if","locations":[{"start":{"line":14,"column":2},"end":{"line":14,"column":41}},{"start":{},"end":{}}],"line":14},"1":{"loc":{"start":{"line":22,"column":2},"end":{"line":24,"column":3}},"type":"if","locations":[{"start":{"line":22,"column":2},"end":{"line":24,"column":3}},{"start":{},"end":{}}],"line":22},"2":{"loc":{"start":{"line":33,"column":2},"end":{"line":33,"column":56}},"type":"if","locations":[{"start":{"line":33,"column":2},"end":{"line":33,"column":56}},{"start":{},"end":{}}],"line":33},"3":{"loc":{"start":{"line":33,"column":6},"end":{"line":33,"column":42}},"type":"binary-expr","locations":[{"start":{"line":33,"column":6},"end":{"line":33,"column":21}},{"start":{"line":33,"column":25},"end":{"line":33,"column":42}}],"line":33},"4":{"loc":{"start":{"line":40,"column":2},"end":{"line":42,"column":3}},"type":"if","locations":[{"start":{"line":40,"column":2},"end":{"line":42,"column":3}},{"start":{},"end":{}}],"line":40},"5":{"loc":{"start":{"line":51,"column":2},"end":{"line":51,"column":56}},"type":"if","locations":[{"start":{"line":51,"column":2},"end":{"line":51,"column":56}},{"start":{},"end":{}}],"line":51},"6":{"loc":{"start":{"line":51,"column":6},"end":{"line":51,"column":42}},"type":"binary-expr","locations":[{"start":{"line":51,"column":6},"end":{"line":51,"column":21}},{"start":{"line":51,"column":25},"end":{"line":51,"column":42}}],"line":51}},"s":{"0":1,"1":1,"2":0,"3":1,"4":1,"5":2,"6":2,"7":1,"8":1,"9":1,"10":0,"11":1,"12":1,"13":1,"14":0,"15":1,"16":1,"17":0,"18":1,"19":2,"20":2,"21":2,"22":2,"23":2,"24":2,"25":2,"26":3,"27":3},"f":{"0":1,"1":2,"2":1,"3":2,"4":3},"b":{"0":[0,1],"1":[1,1],"2":[0,1],"3":[1,1],"4":[0,1],"5":[0,1],"6":[1,1]},"_coverageSchema":"1a1c01bbd47fc00a2c39e90264f33305004495a9","hash":"2c7a8c02cde88f34b53493a44bf8bfe2227ca42e"}
,"/Users/guilhermemenezes/Projetos/CiadoArLaudos/src/services/pdfGenerator.ts": {"path":"/Users/guilhermemenezes/Projetos/CiadoArLaudos/src/services/pdfGenerator.ts","statementMap":{"0":{"start":{"line":9,"column":15},"end":{"line":9,"column":45}},"1":{"start":{"line":12,"column":27},"end":{"line":15,"column":4}},"2":{"start":{"line":18,"column":14},"end":{"line":18,"column":52}},"3":{"start":{"line":19,"column":2},"end":{"line":19,"column":68}},"4":{"start":{"line":21,"column":19},"end":{"line":21,"column":70}},"5":{"start":{"line":22,"column":18},"end":{"line":22,"column":32}},"6":{"start":{"line":24,"column":2},"end":{"line":24,"column":61}},"7":{"start":{"line":27,"column":2},"end":{"line":27,"column":40}},"8":{"start":{"line":29,"column":2},"end":{"line":29,"column":17}},"9":{"start":{"line":33,"column":22},"end":{"line":33,"column":54}},"10":{"start":{"line":34,"column":2},"end":{"line":36,"column":3}},"11":{"start":{"line":35,"column":4},"end":{"line":35,"column":73}},"12":{"start":{"line":37,"column":2},"end":{"line":41,"column":5}},"13":{"start":{"line":45,"column":17},"end":{"line":45,"column":48}},"14":{"start":{"line":46,"column":2},"end":{"line":46,"column":25}},"15":{"start":{"line":47,"column":2},"end":{"line":47,"column":16}}},"fnMap":{"0":{"name":"generateAndSavePdf","decl":{"start":{"line":8,"column":22},"end":{"line":8,"column":40}},"loc":{"start":{"line":8,"column":81},"end":{"line":30,"column":1}},"line":8},"1":{"name":"sharePdf","decl":{"start":{"line":32,"column":22},"end":{"line":32,"column":30}},"loc":{"start":{"line":32,"column":62},"end":{"line":42,"column":1}},"line":32},"2":{"name":"generateAndShare","decl":{"start":{"line":44,"column":22},"end":{"line":44,"column":38}},"loc":{"start":{"line":44,"column":79},"end":{"line":48,"column":1}},"line":44}},"branchMap":{"0":{"loc":{"start":{"line":34,"column":2},"end":{"line":36,"column":3}},"type":"if","locations":[{"start":{"line":34,"column":2},"end":{"line":36,"column":3}},{"start":{},"end":{}}],"line":34}},"s":{"0":2,"1":2,"2":2,"3":2,"4":2,"5":2,"6":2,"7":2,"8":2,"9":3,"10":3,"11":1,"12":2,"13":1,"14":1,"15":1},"f":{"0":2,"1":3,"2":1},"b":{"0":[1,2]},"_coverageSchema":"1a1c01bbd47fc00a2c39e90264f33305004495a9","hash":"c25a740664dd1cd05dababfc9648f5fcef5e2fa6"}
,"/Users/guilhermemenezes/Projetos/CiadoArLaudos/src/templates/laudoTemplate.ts": {"path":"/Users/guilhermemenezes/Projetos/CiadoArLaudos/src/templates/laudoTemplate.ts","statementMap":{"0":{"start":{"line":7,"column":19},"end":{"line":7,"column":21}},"1":{"start":{"line":8,"column":2},"end":{"line":14,"column":3}},"2":{"start":{"line":9,"column":4},"end":{"line":13,"column":5}},"3":{"start":{"line":10,"column":6},"end":{"line":10,"column":54}},"4":{"start":{"line":12,"column":6},"end":{"line":12,"column":71}},"5":{"start":{"line":16,"column":22},"end":{"line":16,"column":75}},"6":{"start":{"line":17,"column":22},"end":{"line":17,"column":62}},"7":{"start":{"line":18,"column":21},"end":{"line":25,"column":31}},"8":{"start":{"line":27,"column":21},"end":{"line":33,"column":3}},"9":{"start":{"line":28,"column":4},"end":{"line":31,"column":14}},"10":{"start":{"line":29,"column":16},"end":{"line":29,"column":30}},"11":{"start":{"line":30,"column":6},"end":{"line":30,"column":59}},"12":{"start":{"line":30,"column":26},"end":{"line":30,"column":59}},"13":{"start":{"line":32,"column":4},"end":{"line":32,"column":15}},"14":{"start":{"line":35,"column":28},"end":{"line":43,"column":3}},"15":{"start":{"line":36,"column":4},"end":{"line":38,"column":5}},"16":{"start":{"line":37,"column":6},"end":{"line":37,"column":231}},"17":{"start":{"line":39,"column":4},"end":{"line":41,"column":5}},"18":{"start":{"line":40,"column":6},"end":{"line":40,"column":235}},"19":{"start":{"line":42,"column":4},"end":{"line":42,"column":211}},"20":{"start":{"line":45,"column":20},"end":{"line":48,"column":3}},"21":{"start":{"line":46,"column":4},"end":{"line":46,"column":45}},"22":{"start":{"line":46,"column":35},"end":{"line":46,"column":45}},"23":{"start":{"line":47,"column":4},"end":{"line":47,"column":129}},"24":{"start":{"line":50,"column":28},"end":{"line":54,"column":3}},"25":{"start":{"line":56,"column":2},"end":{"line":519,"column":4}}},"fnMap":{"0":{"name":"generateLaudoHtml","decl":{"start":{"line":6,"column":22},"end":{"line":6,"column":39}},"loc":{"start":{"line":6,"column":80},"end":{"line":520,"column":1}},"line":6},"1":{"name":"(anonymous_1)","decl":{"start":{"line":27,"column":21},"end":{"line":27,"column":22}},"loc":{"start":{"line":27,"column":38},"end":{"line":33,"column":3}},"line":27},"2":{"name":"(anonymous_2)","decl":{"start":{"line":35,"column":28},"end":{"line":35,"column":29}},"loc":{"start":{"line":35,"column":48},"end":{"line":43,"column":3}},"line":35},"3":{"name":"(anonymous_3)","decl":{"start":{"line":45,"column":20},"end":{"line":45,"column":21}},"loc":{"start":{"line":45,"column":37},"end":{"line":48,"column":3}},"line":45}},"branchMap":{"0":{"loc":{"start":{"line":8,"column":2},"end":{"line":14,"column":3}},"type":"if","locations":[{"start":{"line":8,"column":2},"end":{"line":14,"column":3}},{"start":{},"end":{}}],"line":8},"1":{"loc":{"start":{"line":16,"column":22},"end":{"line":16,"column":75}},"type":"binary-expr","locations":[{"start":{"line":16,"column":22},"end":{"line":16,"column":62}},{"start":{"line":16,"column":66},"end":{"line":16,"column":75}}],"line":16},"2":{"loc":{"start":{"line":18,"column":21},"end":{"line":25,"column":31}},"type":"binary-expr","locations":[{"start":{"line":18,"column":21},"end":{"line":25,"column":23}},{"start":{"line":25,"column":27},"end":{"line":25,"column":31}}],"line":18},"3":{"loc":{"start":{"line":30,"column":6},"end":{"line":30,"column":59}},"type":"if","locations":[{"start":{"line":30,"column":6},"end":{"line":30,"column":59}},{"start":{},"end":{}}],"line":30},"4":{"loc":{"start":{"line":36,"column":4},"end":{"line":38,"column":5}},"type":"if","locations":[{"start":{"line":36,"column":4},"end":{"line":38,"column":5}},{"start":{},"end":{}}],"line":36},"5":{"loc":{"start":{"line":36,"column":8},"end":{"line":36,"column":47}},"type":"binary-expr","locations":[{"start":{"line":36,"column":8},"end":{"line":36,"column":23}},{"start":{"line":36,"column":27},"end":{"line":36,"column":47}}],"line":36},"6":{"loc":{"start":{"line":39,"column":4},"end":{"line":41,"column":5}},"type":"if","locations":[{"start":{"line":39,"column":4},"end":{"line":41,"column":5}},{"start":{},"end":{}}],"line":39},"7":{"loc":{"start":{"line":39,"column":8},"end":{"line":39,"column":53}},"type":"binary-expr","locations":[{"start":{"line":39,"column":8},"end":{"line":39,"column":27}},{"start":{"line":39,"column":31},"end":{"line":39,"column":53}}],"line":39},"8":{"loc":{"start":{"line":46,"column":4},"end":{"line":46,"column":45}},"type":"if","locations":[{"start":{"line":46,"column":4},"end":{"line":46,"column":45}},{"start":{},"end":{}}],"line":46},"9":{"loc":{"start":{"line":46,"column":8},"end":{"line":46,"column":33}},"type":"binary-expr","locations":[{"start":{"line":46,"column":8},"end":{"line":46,"column":12}},{"start":{"line":46,"column":16},"end":{"line":46,"column":33}}],"line":46},"10":{"loc":{"start":{"line":359,"column":18},"end":{"line":359,"column":102}},"type":"binary-expr","locations":[{"start":{"line":359,"column":18},"end":{"line":359,"column":30}},{"start":{"line":359,"column":35},"end":{"line":359,"column":101}}],"line":359},"11":{"loc":{"start":{"line":359,"column":35},"end":{"line":359,"column":101}},"type":"cond-expr","locations":[{"start":{"line":359,"column":56},"end":{"line":359,"column":95}},{"start":{"line":359,"column":98},"end":{"line":359,"column":101}}],"line":359},"12":{"loc":{"start":{"line":361,"column":18},"end":{"line":361,"column":138}},"type":"binary-expr","locations":[{"start":{"line":361,"column":18},"end":{"line":361,"column":30}},{"start":{"line":361,"column":35},"end":{"line":361,"column":137}}],"line":361},"13":{"loc":{"start":{"line":361,"column":35},"end":{"line":361,"column":137}},"type":"cond-expr","locations":[{"start":{"line":361,"column":92},"end":{"line":361,"column":131}},{"start":{"line":361,"column":134},"end":{"line":361,"column":137}}],"line":361},"14":{"loc":{"start":{"line":361,"column":35},"end":{"line":361,"column":89}},"type":"binary-expr","locations":[{"start":{"line":361,"column":35},"end":{"line":361,"column":53}},{"start":{"line":361,"column":57},"end":{"line":361,"column":89}}],"line":361},"15":{"loc":{"start":{"line":399,"column":8},"end":{"line":406,"column":12}},"type":"cond-expr","locations":[{"start":{"line":399,"column":21},"end":{"line":406,"column":7}},{"start":{"line":406,"column":10},"end":{"line":406,"column":12}}],"line":399},"16":{"loc":{"start":{"line":505,"column":8},"end":{"line":510,"column":12}},"type":"cond-expr","locations":[{"start":{"line":505,"column":28},"end":{"line":510,"column":7}},{"start":{"line":510,"column":10},"end":{"line":510,"column":12}}],"line":505}},"s":{"0":7,"1":7,"2":2,"3":2,"4":0,"5":7,"6":7,"7":7,"8":7,"9":14,"10":14,"11":14,"12":14,"13":0,"14":7,"15":105,"16":77,"17":28,"18":3,"19":25,"20":7,"21":77,"22":71,"23":6,"24":7,"25":7},"f":{"0":7,"1":14,"2":105,"3":77},"b":{"0":[2,5],"1":[7,0],"2":[7,0],"3":[14,0],"4":[77,28],"5":[105,31],"6":[3,25],"7":[28,25],"8":[71,6],"9":[77,6],"10":[7,0],"11":[0,0],"12":[7,0],"13":[0,0],"14":[0,0],"15":[2,5],"16":[7,0]},"_coverageSchema":"1a1c01bbd47fc00a2c39e90264f33305004495a9","hash":"2caf9302a217bae58e665201a6996d3592cd894f"}
,"/Users/guilhermemenezes/Projetos/CiadoArLaudos/src/templates/logoAsset.ts": {"path":"/Users/guilhermemenezes/Projetos/CiadoArLaudos/src/templates/logoAsset.ts","statementMap":{"0":{"start":{"line":1,"column":27},"end":{"line":1,"column":260375}}},"fnMap":{},"branchMap":{},"s":{"0":4},"f":{},"b":{},"_coverageSchema":"1a1c01bbd47fc00a2c39e90264f33305004495a9","hash":"bab8789f9b206a0c10907c5b08d1130fa3bf071a"}
,"/Users/guilhermemenezes/Projetos/CiadoArLaudos/src/types/constants.ts": {"path":"/Users/guilhermemenezes/Projetos/CiadoArLaudos/src/types/constants.ts","statementMap":{"0":{"start":{"line":3,"column":61},"end":{"line":6,"column":1}},"1":{"start":{"line":8,"column":66},"end":{"line":15,"column":1}},"2":{"start":{"line":17,"column":72},"end":{"line":24,"column":1}},"3":{"start":{"line":26,"column":66},"end":{"line":33,"column":1}},"4":{"start":{"line":35,"column":30},"end":{"line":39,"column":10}}},"fnMap":{},"branchMap":{},"s":{"0":10,"1":10,"2":10,"3":10,"4":10},"f":{},"b":{},"_coverageSchema":"1a1c01bbd47fc00a2c39e90264f33305004495a9","hash":"7407e7f21f5242aec74c8f2d6ea886cf3024d092"}
,"/Users/guilhermemenezes/Projetos/CiadoArLaudos/src/types/laudo.ts": {"path":"/Users/guilhermemenezes/Projetos/CiadoArLaudos/src/types/laudo.ts","statementMap":{},"fnMap":{},"branchMap":{},"s":{},"f":{},"b":{}}
}
