TN:
SF:app/_layout.tsx
FN:5,RootLayout
FNF:1
FNH:0
FNDA:0,RootLayout
DA:6,0
LF:1
LH:0
BRF:0
BRH:0
end_of_record
TN:
SF:app/(tabs)/_layout.tsx
FN:5,TabLayout
FN:43,(anonymous_1)
FN:46,(anonymous_2)
FN:65,(anonymous_3)
FNF:4
FNH:0
FNDA:0,TabLayout
FNDA:0,(anonymous_1)
FNDA:0,(anonymous_2)
FNDA:0,(anonymous_3)
DA:6,0
DA:44,0
DA:47,0
DA:66,0
LF:4
LH:0
BRDA:14,0,0,0
BRDA:14,0,1,0
BRDA:15,1,0,0
BRDA:15,1,1,0
BRF:4
BRH:0
end_of_record
TN:
SF:app/(tabs)/index.tsx
FN:19,LaudosScreen
FN:25,(anonymous_1)
FN:39,(anonymous_2)
FN:44,(anonymous_3)
FN:49,(anonymous_4)
FN:54,(anonymous_5)
FN:84,(anonymous_6)
FN:114,(anonymous_7)
FN:122,(anonymous_8)
FN:123,(anonymous_9)
FN:124,(anonymous_10)
FN:142,(anonymous_11)
FNF:12
FNH:6
FNDA:4,LaudosScreen
FNDA:2,(anonymous_1)
FNDA:2,(anonymous_2)
FNDA:0,(anonymous_3)
FNDA:4,(anonymous_4)
FNDA:0,(anonymous_5)
FNDA:0,(anonymous_6)
FNDA:0,(anonymous_7)
FNDA:2,(anonymous_8)
FNDA:1,(anonymous_9)
FNDA:0,(anonymous_10)
FNDA:0,(anonymous_11)
DA:20,4
DA:21,4
DA:22,4
DA:23,4
DA:25,4
DA:26,2
DA:27,2
DA:28,2
DA:29,2
DA:31,0
DA:33,2
DA:38,4
DA:40,2
DA:44,4
DA:45,0
DA:49,4
DA:50,4
DA:51,4
DA:52,0
DA:55,0
DA:64,4
DA:65,2
DA:72,2
DA:73,1
DA:85,0
DA:86,0
DA:87,0
DA:97,1
DA:114,0
DA:122,2
DA:124,1
DA:142,0
DA:151,1
LF:33
LH:24
BRDA:51,0,0,4
BRDA:51,0,1,0
BRDA:55,1,0,0
BRDA:55,1,1,0
BRDA:55,1,2,0
BRDA:55,1,3,0
BRDA:64,2,0,2
BRDA:64,2,1,2
BRDA:72,3,0,1
BRDA:72,3,1,1
BRDA:105,4,0,0
BRDA:105,4,1,1
BRF:12
BRH:6
end_of_record
TN:
SF:app/(tabs)/novo.tsx
FN:16,NovoLaudoScreen
FN:21,(anonymous_1)
FN:26,(anonymous_2)
FN:46,(anonymous_3)
FN:50,(anonymous_4)
FNF:5
FNH:2
FNDA:1,NovoLaudoScreen
FNDA:1,(anonymous_1)
FNDA:0,(anonymous_2)
FNDA:0,(anonymous_3)
FNDA:0,(anonymous_4)
DA:17,1
DA:18,1
DA:21,1
DA:26,1
DA:27,0
DA:28,0
DA:30,0
DA:31,0
DA:38,0
DA:40,0
DA:46,0
DA:50,0
DA:55,0
DA:57,0
DA:61,1
DA:82,1
LF:16
LH:6
BRDA:55,0,0,0
BRDA:55,0,1,0
BRDA:64,1,0,1
BRDA:64,1,1,0
BRF:4
BRH:1
end_of_record
TN:
SF:app/laudo/[id].tsx
FN:22,formatDate
FN:30,LaudoDetailScreen
FN:38,(anonymous_2)
FN:42,(anonymous_3)
FN:54,(anonymous_4)
FN:59,(anonymous_5)
FN:61,(anonymous_6)
FN:71,(anonymous_7)
FN:83,(anonymous_8)
FN:92,(anonymous_9)
FN:135,(anonymous_10)
FN:136,(anonymous_11)
FN:146,(anonymous_12)
FN:149,(anonymous_13)
FN:243,(anonymous_14)
FN:276,(anonymous_15)
FN:285,InfoCard
FN:294,InfoRow
FNF:18
FNH:6
FNDA:1,formatDate
FNDA:4,LaudoDetailScreen
FNDA:2,(anonymous_2)
FNDA:2,(anonymous_3)
FNDA:0,(anonymous_4)
FNDA:0,(anonymous_5)
FNDA:0,(anonymous_6)
FNDA:0,(anonymous_7)
FNDA:0,(anonymous_8)
FNDA:0,(anonymous_9)
FNDA:0,(anonymous_10)
FNDA:0,(anonymous_11)
FNDA:0,(anonymous_12)
FNDA:0,(anonymous_13)
FNDA:0,(anonymous_14)
FNDA:0,(anonymous_15)
FNDA:5,InfoCard
FNDA:28,InfoRow
DA:23,1
DA:24,1
DA:25,1
DA:28,1
DA:31,4
DA:32,4
DA:33,4
DA:34,4
DA:35,4
DA:36,4
DA:38,4
DA:39,2
DA:42,4
DA:43,2
DA:44,2
DA:45,2
DA:46,2
DA:48,0
DA:50,2
DA:54,4
DA:55,0
DA:56,0
DA:57,0
DA:58,0
DA:59,0
DA:60,0
DA:61,0
DA:65,0
DA:67,0
DA:71,4
DA:72,0
DA:73,0
DA:74,0
DA:75,0
DA:77,0
DA:79,0
DA:83,4
DA:84,0
DA:93,0
DA:94,0
DA:95,0
DA:96,0
DA:98,0
DA:106,4
DA:107,2
DA:114,2
DA:115,1
DA:122,1
DA:123,1
DA:124,1
DA:130,1
DA:136,0
DA:137,0
DA:138,0
DA:140,0
DA:147,0
DA:149,0
DA:243,0
DA:276,0
DA:286,5
DA:295,28
DA:296,28
DA:304,1
LF:63
LH:33
BRDA:23,0,0,0
BRDA:23,0,1,1
BRDA:25,1,0,1
BRDA:25,1,1,0
BRDA:55,2,0,0
BRDA:55,2,1,0
BRDA:59,3,0,0
BRDA:59,3,1,0
BRDA:65,4,0,0
BRDA:65,4,1,0
BRDA:72,5,0,0
BRDA:72,5,1,0
BRDA:77,6,0,0
BRDA:77,6,1,0
BRDA:93,7,0,0
BRDA:93,7,1,0
BRDA:95,8,0,0
BRDA:95,8,1,0
BRDA:106,9,0,2
BRDA:106,9,1,2
BRDA:114,10,0,1
BRDA:114,10,1,1
BRDA:124,11,0,1
BRDA:124,11,1,0
BRDA:126,12,0,0
BRDA:126,12,1,0
BRDA:137,13,0,0
BRDA:137,13,1,0
BRDA:180,14,0,1
BRDA:180,14,1,0
BRDA:187,15,0,1
BRDA:187,15,1,0
BRDA:187,16,0,0
BRDA:187,16,1,0
BRDA:188,17,0,1
BRDA:188,17,1,0
BRDA:188,18,0,0
BRDA:188,18,1,0
BRDA:188,19,0,0
BRDA:188,19,1,0
BRDA:225,20,0,1
BRDA:225,20,1,0
BRDA:256,21,0,0
BRDA:256,21,1,1
BRDA:265,22,0,1
BRDA:265,22,1,0
BRDA:295,23,0,28
BRDA:295,23,1,28
BRDA:295,23,2,28
BRDA:299,24,0,28
BRDA:299,24,1,0
BRF:51
BRH:17
end_of_record
TN:
SF:app/laudo/[id]/editar.tsx
FN:18,EditarLaudoScreen
FN:25,(anonymous_1)
FN:43,(anonymous_2)
FN:47,(anonymous_3)
FN:66,(anonymous_4)
FNF:5
FNH:3
FNDA:2,EditarLaudoScreen
FNDA:1,(anonymous_1)
FNDA:1,(anonymous_2)
FNDA:0,(anonymous_3)
FNDA:0,(anonymous_4)
DA:19,2
DA:20,2
DA:21,2
DA:22,2
DA:23,2
DA:25,2
DA:26,1
DA:27,1
DA:28,1
DA:29,1
DA:31,0
DA:32,0
DA:33,0
DA:34,0
DA:36,0
DA:39,1
DA:43,2
DA:44,1
DA:47,2
DA:48,0
DA:49,0
DA:50,0
DA:52,0
DA:61,0
DA:63,0
DA:67,0
DA:68,0
DA:70,0
DA:75,0
DA:77,0
DA:81,2
DA:82,1
DA:89,1
DA:90,0
DA:97,1
DA:122,1
LF:36
LH:19
BRDA:33,0,0,0
BRDA:33,0,1,0
BRDA:48,1,0,0
BRDA:48,1,1,0
BRDA:67,2,0,0
BRDA:67,2,1,0
BRDA:75,3,0,0
BRDA:75,3,1,0
BRDA:81,4,0,1
BRDA:81,4,1,1
BRDA:89,5,0,0
BRDA:89,5,1,1
BRDA:102,6,0,1
BRDA:102,6,1,0
BRF:14
BRH:4
end_of_record
TN:
SF:src/components/FilterChips.tsx
FN:26,FilterChips
FN:27,(anonymous_1)
FN:39,(anonymous_2)
FN:46,(anonymous_3)
FNF:4
FNH:4
FNDA:3,FilterChips
FNDA:2,(anonymous_1)
FNDA:18,(anonymous_2)
FNDA:2,(anonymous_3)
DA:12,1
DA:27,3
DA:29,2
DA:32,3
DA:40,18
DA:41,18
DA:43,18
DA:46,2
DA:67,1
LF:9
LH:9
BRDA:29,0,0,1
BRDA:29,0,1,1
BRDA:50,1,0,18
BRDA:50,1,1,1
BRDA:57,2,0,18
BRDA:57,2,1,1
BRF:6
BRH:6
end_of_record
TN:
SF:src/components/LaudoCard.tsx
FN:11,LaudoCard
FN:15,(anonymous_1)
FNF:2
FNH:2
FNDA:3,LaudoCard
FNDA:3,(anonymous_1)
DA:12,3
DA:13,3
DA:15,3
DA:16,3
DA:17,3
DA:18,3
DA:19,3
DA:21,0
DA:23,0
DA:27,3
DA:73,2
LF:11
LH:9
BRDA:12,0,0,3
BRDA:12,0,1,0
BRDA:13,1,0,3
BRDA:13,1,1,0
BRDA:18,2,0,3
BRDA:18,2,1,0
BRDA:62,3,0,3
BRDA:62,3,1,2
BRF:8
BRH:5
end_of_record
TN:
SF:src/components/LaudoForm.tsx
FN:103,SelectRow
FN:125,(anonymous_1)
FN:140,(anonymous_2)
FN:177,SelectVertical
FN:190,(anonymous_4)
FN:200,(anonymous_5)
FN:216,StatePicker
FN:224,(anonymous_7)
FN:233,(anonymous_8)
FN:234,(anonymous_9)
FN:235,(anonymous_10)
FN:238,(anonymous_11)
FN:244,(anonymous_12)
FN:250,(anonymous_13)
FN:268,parseDateString
FN:287,formatDateForDisplay
FN:296,formatDateForValue
FN:303,DatePickerField
FN:317,(anonymous_18)
FN:331,(anonymous_19)
FN:343,(anonymous_20)
FN:344,(anonymous_21)
FN:345,(anonymous_22)
FN:348,(anonymous_23)
FN:377,LaudoForm
FN:409,(anonymous_25)
FN:442,(anonymous_26)
FN:459,(anonymous_27)
FN:488,(anonymous_28)
FN:508,(anonymous_29)
FN:508,(anonymous_30)
FN:513,(anonymous_31)
FN:514,(anonymous_32)
FN:515,(anonymous_33)
FN:534,(anonymous_34)
FN:535,(anonymous_35)
FN:536,(anonymous_36)
FN:565,(anonymous_37)
FN:584,SectionHeader
FN:593,InputField
FN:595,(anonymous_40)
FNF:41
FNH:24
FNDA:99,SelectRow
FNDA:198,(anonymous_1)
FNDA:0,(anonymous_2)
FNDA:9,SelectVertical
FNDA:54,(anonymous_4)
FNDA:0,(anonymous_5)
FNDA:9,StatePicker
FNDA:0,(anonymous_7)
FNDA:0,(anonymous_8)
FNDA:0,(anonymous_9)
FNDA:0,(anonymous_10)
FNDA:0,(anonymous_11)
FNDA:243,(anonymous_12)
FNDA:0,(anonymous_13)
FNDA:36,parseDateString
FNDA:18,formatDateForDisplay
FNDA:0,formatDateForValue
FNDA:18,DatePickerField
FNDA:0,(anonymous_18)
FNDA:0,(anonymous_19)
FNDA:0,(anonymous_20)
FNDA:0,(anonymous_21)
FNDA:0,(anonymous_22)
FNDA:0,(anonymous_23)
FNDA:9,LaudoForm
FNDA:1,(anonymous_25)
FNDA:9,(anonymous_26)
FNDA:9,(anonymous_27)
FNDA:9,(anonymous_28)
FNDA:0,(anonymous_29)
FNDA:0,(anonymous_30)
FNDA:63,(anonymous_31)
FNDA:63,(anonymous_32)
FNDA:63,(anonymous_33)
FNDA:36,(anonymous_34)
FNDA:36,(anonymous_35)
FNDA:36,(anonymous_36)
FNDA:9,(anonymous_37)
FNDA:54,SectionHeader
FNDA:153,InputField
FNDA:153,(anonymous_40)
DA:34,3
DA:120,99
DA:126,198
DA:127,198
DA:128,198
DA:129,198
DA:130,198
DA:131,198
DA:133,198
DA:140,0
DA:188,9
DA:191,54
DA:192,54
DA:193,54
DA:200,0
DA:217,9
DA:219,9
DA:224,0
DA:233,0
DA:234,0
DA:235,0
DA:238,0
DA:245,243
DA:246,243
DA:251,0
DA:252,0
DA:269,36
DA:270,36
DA:271,36
DA:272,36
DA:273,36
DA:274,36
DA:277,0
DA:278,0
DA:279,0
DA:280,0
DA:284,0
DA:288,18
DA:289,18
DA:290,18
DA:291,18
DA:292,18
DA:293,18
DA:297,0
DA:298,0
DA:299,0
DA:300,0
DA:314,18
DA:315,18
DA:317,18
DA:318,0
DA:319,0
DA:321,0
DA:322,0
DA:326,18
DA:331,0
DA:343,0
DA:344,0
DA:345,0
DA:348,0
DA:378,9
DA:407,9
DA:409,9
DA:411,1
DA:426,1
DA:429,9
DA:443,9
DA:460,9
DA:489,9
DA:508,0
DA:514,63
DA:515,63
DA:516,63
DA:535,36
DA:536,36
DA:537,36
DA:566,9
DA:585,54
DA:594,153
DA:596,153
DA:609,3
LF:81
LH:53
BRDA:128,0,0,99
BRDA:128,0,1,99
BRDA:129,1,0,99
BRDA:129,1,1,99
BRDA:130,2,0,99
BRDA:130,2,1,99
BRDA:131,3,0,99
BRDA:131,3,1,99
BRDA:138,4,0,198
BRDA:138,4,1,99
BRDA:146,5,0,99
BRDA:146,5,1,99
BRDA:151,6,0,198
BRDA:151,6,1,99
BRDA:162,7,0,99
BRDA:162,7,1,99
BRDA:165,8,0,99
BRDA:165,8,1,0
BRDA:171,9,0,99
BRDA:171,9,1,0
BRDA:198,10,0,54
BRDA:198,10,1,9
BRDA:202,11,0,54
BRDA:202,11,1,9
BRDA:203,12,0,54
BRDA:203,12,1,9
BRDA:205,13,0,54
BRDA:205,13,1,9
BRDA:223,14,0,0
BRDA:223,14,1,9
BRDA:226,15,0,9
BRDA:226,15,1,0
BRDA:227,16,0,9
BRDA:227,16,1,0
BRDA:231,17,0,9
BRDA:231,17,1,0
BRDA:249,18,0,243
BRDA:249,18,1,9
BRDA:255,19,0,243
BRDA:255,19,1,9
BRDA:269,20,0,0
BRDA:269,20,1,36
BRDA:271,21,0,36
BRDA:271,21,1,0
BRDA:273,22,0,36
BRDA:273,22,1,0
BRDA:273,23,0,36
BRDA:273,23,1,36
BRDA:273,23,2,36
BRDA:273,23,3,36
BRDA:277,24,0,0
BRDA:277,24,1,0
BRDA:279,25,0,0
BRDA:279,25,1,0
BRDA:279,26,0,0
BRDA:279,26,1,0
BRDA:279,26,2,0
BRDA:279,26,3,0
BRDA:288,27,0,0
BRDA:288,27,1,18
BRDA:318,28,0,0
BRDA:318,28,1,0
BRDA:321,29,0,0
BRDA:321,29,1,0
BRDA:321,30,0,0
BRDA:321,30,1,0
BRDA:330,31,0,0
BRDA:330,31,1,18
BRDA:335,32,0,18
BRDA:335,32,1,0
BRDA:336,33,0,18
BRDA:336,33,1,0
BRDA:339,34,0,18
BRDA:339,34,1,0
BRDA:341,35,0,18
BRDA:341,35,1,0
BRDA:342,36,0,0
BRDA:342,36,1,0
BRDA:377,37,0,4
BRDA:381,38,0,9
BRDA:381,38,1,0
BRDA:382,39,0,9
BRDA:382,39,1,2
BRDA:383,40,0,9
BRDA:383,40,1,2
BRDA:384,41,0,9
BRDA:384,41,1,2
BRDA:414,42,0,1
BRDA:414,42,1,1
BRDA:415,43,0,1
BRDA:415,43,1,1
BRDA:416,44,0,1
BRDA:416,44,1,1
BRDA:417,45,0,1
BRDA:417,45,1,1
BRDA:418,46,0,1
BRDA:418,46,1,1
BRDA:419,47,0,1
BRDA:419,47,1,1
BRDA:420,48,0,1
BRDA:420,48,1,1
BRDA:421,49,0,1
BRDA:421,49,1,1
BRDA:422,50,0,1
BRDA:422,50,1,1
BRDA:423,51,0,1
BRDA:423,51,1,1
BRDA:424,52,0,1
BRDA:424,52,1,1
BRDA:570,53,0,9
BRDA:570,53,1,0
BRDA:571,54,0,0
BRDA:571,54,1,9
BRDA:599,55,0,153
BRDA:599,55,1,9
BRDA:599,56,0,0
BRDA:599,56,1,153
BRDA:600,57,0,153
BRDA:600,57,1,18
BRDA:601,58,0,9
BRDA:601,58,1,144
BRDA:603,59,0,153
BRDA:603,59,1,0
BRF:123
BRH:87
end_of_record
TN:
SF:src/components/PdfViewerModal.tsx
FN:23,PdfViewerModal
FN:27,(anonymous_1)
FN:31,(anonymous_2)
FN:35,(anonymous_3)
FNF:4
FNH:3
FNDA:5,PdfViewerModal
FNDA:3,(anonymous_1)
FNDA:2,(anonymous_2)
FNDA:0,(anonymous_3)
DA:24,5
DA:25,5
DA:27,5
DA:28,3
DA:29,2
DA:30,2
DA:32,2
DA:33,2
DA:36,0
DA:37,0
DA:42,5
DA:44,5
DA:95,2
LF:13
LH:11
BRDA:28,0,0,2
BRDA:28,0,1,1
BRDA:28,1,0,3
BRDA:28,1,1,2
BRDA:42,2,0,0
BRDA:42,2,1,5
BRDA:63,3,0,5
BRDA:63,3,1,0
BRDA:75,4,0,3
BRDA:75,4,1,2
BRDA:75,5,0,5
BRDA:75,5,1,2
BRF:12
BRH:10
end_of_record
TN:
SF:src/components/PhotoCapture.tsx
FN:19,PhotoCapture
FN:20,(anonymous_1)
FN:29,(anonymous_2)
FN:38,(anonymous_3)
FNF:4
FNH:2
FNDA:12,PhotoCapture
FNDA:1,(anonymous_1)
FNDA:0,(anonymous_2)
FNDA:0,(anonymous_3)
DA:20,12
DA:21,1
DA:22,1
DA:23,1
DA:25,0
DA:29,12
DA:30,0
DA:31,0
DA:32,0
DA:34,0
DA:38,12
DA:39,0
DA:45,12
DA:46,1
DA:77,11
DA:106,4
LF:16
LH:10
BRDA:23,0,0,1
BRDA:23,0,1,0
BRDA:25,1,0,0
BRDA:25,1,1,0
BRDA:32,2,0,0
BRDA:32,2,1,0
BRDA:34,3,0,0
BRDA:34,3,1,0
BRDA:45,4,0,1
BRDA:45,4,1,11
BRF:10
BRH:3
end_of_record
TN:
SF:src/components/SearchBar.tsx
FN:17,SearchBar
FN:21,(anonymous_1)
FN:30,(anonymous_2)
FN:66,(anonymous_3)
FNF:4
FNH:1
FNDA:4,SearchBar
FNDA:0,(anonymous_1)
FNDA:0,(anonymous_2)
FNDA:0,(anonymous_3)
DA:18,4
DA:19,4
DA:21,4
DA:22,0
DA:23,0
DA:30,4
DA:31,0
DA:32,0
DA:39,4
DA:44,4
DA:66,0
DA:74,2
LF:12
LH:7
BRDA:17,0,0,4
BRDA:49,1,0,0
BRDA:49,1,1,4
BRDA:65,2,0,4
BRDA:65,2,1,1
BRF:5
BRH:4
end_of_record
TN:
SF:src/services/database.ts
FN:8,getDatabase
FN:16,initializeDatabase
FN:91,saveLaudo
FN:139,getLaudos
FN:153,getLaudoById
FN:162,deleteLaudo
FN:167,updatePdfUri
FN:175,generateId
FN:179,generateNumeroLaudo
FN:186,seedMockLaudos
FNF:10
FNH:9
FNDA:10,getDatabase
FNDA:1,initializeDatabase
FNDA:1,saveLaudo
FNDA:1,getLaudos
FNDA:1,getLaudoById
FNDA:1,deleteLaudo
FNDA:1,updatePdfUri
FNDA:1,generateId
FNDA:1,generateNumeroLaudo
FNDA:0,seedMockLaudos
DA:4,1
DA:6,1
DA:9,10
DA:10,1
DA:11,1
DA:13,10
DA:17,1
DA:82,1
DA:83,1
DA:86,1
DA:87,1
DA:92,1
DA:93,1
DA:94,1
DA:95,1
DA:97,1
DA:140,1
DA:141,1
DA:144,1
DA:145,0
DA:146,0
DA:150,1
DA:154,1
DA:155,1
DA:159,1
DA:163,1
DA:164,1
DA:168,1
DA:169,1
DA:176,1
DA:180,1
DA:181,1
DA:182,1
DA:183,1
DA:187,0
DA:445,0
DA:446,0
LF:37
LH:32
BRDA:9,0,0,1
BRDA:9,0,1,9
BRDA:93,1,0,1
BRDA:93,1,1,0
BRDA:94,2,0,1
BRDA:94,2,1,0
BRDA:133,3,0,1
BRDA:133,3,1,0
BRDA:134,4,0,1
BRDA:134,4,1,1
BRDA:144,5,0,0
BRDA:144,5,1,1
BRDA:159,6,0,1
BRDA:159,6,1,0
BRF:14
BRH:9
end_of_record
TN:
SF:src/services/imageService.ts
FN:12,requestPermissions
FN:20,pickFromCamera
FN:38,pickFromGallery
FN:56,compressAndSave
FN:83,imageToBase64
FNF:5
FNH:5
FNDA:1,requestPermissions
FNDA:2,pickFromCamera
FNDA:1,pickFromGallery
FNDA:2,compressAndSave
FNDA:3,imageToBase64
DA:13,1
DA:14,1
DA:16,1
DA:17,1
DA:21,2
DA:22,2
DA:23,1
DA:26,1
DA:33,1
DA:35,1
DA:39,1
DA:40,1
DA:41,0
DA:44,1
DA:51,1
DA:53,1
DA:58,2
DA:68,2
DA:69,2
DA:71,2
DA:72,2
DA:74,2
DA:76,2
DA:84,3
DA:87,3
LF:25
LH:24
BRDA:14,0,0,0
BRDA:14,0,1,1
BRDA:22,1,0,1
BRDA:22,1,1,1
BRDA:33,2,0,0
BRDA:33,2,1,1
BRDA:33,3,0,1
BRDA:33,3,1,1
BRDA:40,4,0,0
BRDA:40,4,1,1
BRDA:51,5,0,0
BRDA:51,5,1,1
BRDA:51,6,0,1
BRDA:51,6,1,1
BRF:14
BRH:10
end_of_record
TN:
SF:src/services/pdfGenerator.ts
FN:8,generateAndSavePdf
FN:32,sharePdf
FN:44,generateAndShare
FNF:3
FNH:3
FNDA:2,generateAndSavePdf
FNDA:3,sharePdf
FNDA:1,generateAndShare
DA:9,2
DA:12,2
DA:18,2
DA:19,2
DA:21,2
DA:22,2
DA:24,2
DA:27,2
DA:29,2
DA:33,3
DA:34,3
DA:35,1
DA:37,2
DA:45,1
DA:46,1
DA:47,1
LF:16
LH:16
BRDA:34,0,0,1
BRDA:34,0,1,2
BRF:2
BRH:2
end_of_record
TN:
SF:src/templates/laudoTemplate.ts
FN:6,generateLaudoHtml
FN:27,(anonymous_1)
FN:35,(anonymous_2)
FN:45,(anonymous_3)
FNF:4
FNH:4
FNDA:7,generateLaudoHtml
FNDA:14,(anonymous_1)
FNDA:105,(anonymous_2)
FNDA:77,(anonymous_3)
DA:7,7
DA:8,7
DA:9,2
DA:10,2
DA:12,0
DA:16,7
DA:17,7
DA:18,7
DA:27,7
DA:28,14
DA:29,14
DA:30,14
DA:32,0
DA:35,7
DA:36,105
DA:37,77
DA:39,28
DA:40,3
DA:42,25
DA:45,7
DA:46,77
DA:47,6
DA:50,7
DA:56,7
LF:24
LH:22
BRDA:8,0,0,2
BRDA:8,0,1,5
BRDA:16,1,0,7
BRDA:16,1,1,0
BRDA:18,2,0,7
BRDA:18,2,1,0
BRDA:30,3,0,14
BRDA:30,3,1,0
BRDA:36,4,0,77
BRDA:36,4,1,28
BRDA:36,5,0,105
BRDA:36,5,1,31
BRDA:39,6,0,3
BRDA:39,6,1,25
BRDA:39,7,0,28
BRDA:39,7,1,25
BRDA:46,8,0,71
BRDA:46,8,1,6
BRDA:46,9,0,77
BRDA:46,9,1,6
BRDA:359,10,0,7
BRDA:359,10,1,0
BRDA:359,11,0,0
BRDA:359,11,1,0
BRDA:361,12,0,7
BRDA:361,12,1,0
BRDA:361,13,0,0
BRDA:361,13,1,0
BRDA:361,14,0,0
BRDA:361,14,1,0
BRDA:399,15,0,2
BRDA:399,15,1,5
BRDA:505,16,0,7
BRDA:505,16,1,0
BRF:34
BRH:22
end_of_record
TN:
SF:src/templates/logoAsset.ts
FNF:0
FNH:0
DA:1,4
LF:1
LH:1
BRF:0
BRH:0
end_of_record
TN:
SF:src/types/constants.ts
FNF:0
FNH:0
DA:3,10
DA:8,10
DA:17,10
DA:26,10
DA:35,10
LF:5
LH:5
BRF:0
BRH:0
end_of_record
TN:
SF:src/types/laudo.ts
FNF:0
FNH:0
LF:0
LH:0
BRF:0
BRH:0
end_of_record
